<HTML xmlns:html="http://www.w3.org/Profiles/XHTML-transitional"><HEAD><style type="text/css">
			body {
				font:normal 68% verdana,arial,helvetica;
				color:#000000;
			}

			span.covered {
				background: #00df00; 
				border:#9c9c9c 1px solid;
			}
			span.uncovered {
				background: #df0000; 
				border-top:#9c9c9c 1px solid;
				border-bottom:#9c9c9c 1px solid;
				border-right:#9c9c9c 1px solid;
				}
			span.ignored {
				background: #ffff00;
				border-top:#9c9c9c 1px solid;
				border-bottom:#9c9c9c 1px solid;
				border-right:#9c9c9c 1px solid;
			}

			td {
				FONT-SIZE: 68%;
				BORDER-BOTTOM: #dcdcdc 1px solid; 
				BORDER-RIGHT: #dcdcdc 1px solid;
			}
			p {
				line-height:1.5em;
				margin-top:0.5em; 
				margin-bottom:1.0em;
			}
			h1 {
				MARGIN: 0px 0px 5px; 
				FONT: 165% verdana,arial,helvetica;
			}
			h2 {
				MARGIN-TOP: 1em; 
				MARGIN-BOTTOM: 0.5em; 
				FONT: bold 125% verdana,arial,helvetica;
			}
			h3 {
				MARGIN-BOTTOM: 0.5em; 
				FONT: bold 115% verdana,arial,helvetica;
			}
			h4 {
				MARGIN-BOTTOM: 0.5em; 
				FONT: bold 100% verdana,arial,helvetica;
			}
			h5 {
				MARGIN-BOTTOM: 0.5em; 
				FONT: bold 100% verdana,arial,helvetica
			}
			h6 {
				MARGIN-BOTTOM: 0.5em; 
				FONT: bold 100% verdana,arial,helvetica
			}	
			.Error {
				font-weight:bold; 
			}
			.Failure {
				font-weight:bold; 
				color:red;
			}
			.Ignored {
				font-weight:bold; 
			}
			.FailureDetail {
				font-size: -1;
				padding-left: 2.0em;
				background:#cdcdcd;
			}
			.Pass {
				padding-left:2px;
			}
			.TableHeader {
				background: #efefef;
				color: #000;
				font-weight: bold;
				horizontal-align: center;
			}
			a:visited {
				color: #0000ff;
			}
			a {
				color: #0000ff;
			}
			a:active {
				color: #800000;
			}
			a.summarie {
				color:#000;
				text-decoration: none;
			}
			a.summarie:active {
				color:#000;
				text-decoration: none;
			}
			a.summarie:visited {
				color:#000;
				text-decoration: none;
			}
			.description {
				margin-top:1px;
				padding:3px;
				background-color:#dcdcdc;
				color:#000;
				font-weight:normal;
			}
			.method{
				color:#000;
				font-weight:normal;
				padding-left:5px;
			}
			a.method{
				text-decoration: none;
				color:#000;
				font-weight:normal;
				padding-left:5px;
			}
			a.Failure {
				font-weight:bold; 
				color:red;
				text-decoration: none;
			}
			a.Failure:visited {
				font-weight:bold; 
				color:red;
				text-decoration: none;
			}
			a.Failure:active {
				font-weight:bold; 
				color:red;
				text-decoration: none;
			}
			a.error {
				font-weight:bold; 
				color:red;
			}
			a.error:visited {
				font-weight:bold; 
				color:red;
			}
			a.error:active {
				font-weight:bold; 
				color:red;
				/*text-decoration: none;
				padding-left:5px;*/
			}
			a.ignored {
				font-weight:bold; 
				text-decoration: none;
				padding-left:5px;
			}
			a.ignored:visited {
				font-weight:bold; 
				text-decoration: none;
				padding-left:5px;
			}
			a.ignored:active {
				font-weight:bold; 
				text-decoration: none;
				padding-left:5px;
			}
	  </style><script language="JavaScript">   
	  function Toggle(id) {
	  var element = document.getElementById(id);

		 if ( element.style.display == "none" )
			element.style.display = "block";
		 else 
			element.style.display = "none";
	  }

	  function ToggleImage(id) {
	  var element = document.getElementById(id);

		 if ( element.innerText   == "-" )
			element.innerText   = "+";
		 else 
			element.innerText = "-";
	  }
	</script></HEAD><body text="#000000" bgColor="#ffffff"><a name="#top"></a><h1 xmlns:msxsl="urn:schemas-microsoft-com:xslt" xmlns:nunit2report="urn:my-scripts"><span>Unit Tests Results</span> - NUnitReport</h1><table width="100%" xmlns:msxsl="urn:schemas-microsoft-com:xslt" xmlns:nunit2report="urn:my-scripts"><tr><td align="left"><span>Generated by</span> <a target="_blank" href="http://sourceforge.net/projects/nunit2report/">NUnit2Report</a> : 2012-06-22 - 10:42:17  <a href="#envinfo">Environment Information</a></td><td align="right"><span>Designed for use with</span> <a href="http://nunit.sourceforge.net/">NUnit</a> <span>and</span> <a href="http://nant.sourceforge.net/">NAnt</a>.
		</td></tr></table><hr size="1" xmlns:msxsl="urn:schemas-microsoft-com:xslt" xmlns:nunit2report="urn:my-scripts"></hr><h2 xmlns:msxsl="urn:schemas-microsoft-com:xslt" xmlns:nunit2report="urn:my-scripts">Summary</h2><table border="0" cellpadding="2" cellspacing="0" width="95%" style="border: #dcdcdc 1px solid;" xmlns:msxsl="urn:schemas-microsoft-com:xslt" xmlns:nunit2report="urn:my-scripts"><tr valign="top" class="TableHeader"><td width="50px"><b>Tests</b></td><td width="70px"><b>Failures</b></td><td width="70px"><b>Errors</b></td><td colspan="2"><b>Success Rate</b></td><td width="70px" nowrap="nowrap"><b>Time(s)</b></td></tr><tr valign="top" class="Pass"><td>99</td><td>0</td><td>0</td><td nowrap="nowrap" width="70px">100.00 %</td><td><span class="covered" style="width:200px"></span></td><td>3203.201</td></tr></table><span xmlns:msxsl="urn:schemas-microsoft-com:xslt" xmlns:nunit2report="urn:my-scripts">Note</span>: <i xmlns:msxsl="urn:schemas-microsoft-com:xslt" xmlns:nunit2report="urn:my-scripts">failures</i> <span xmlns:msxsl="urn:schemas-microsoft-com:xslt" xmlns:nunit2report="urn:my-scripts">are anticipated and checked for with assertions while</span> <i xmlns:msxsl="urn:schemas-microsoft-com:xslt" xmlns:nunit2report="urn:my-scripts">errors</i> <span xmlns:msxsl="urn:schemas-microsoft-com:xslt" xmlns:nunit2report="urn:my-scripts">are unanticipated.</span><hr size="1" width="95%" align="left"></hr><h2>TestSuite Summary</h2><table border="0" cellpadding="2" cellspacing="0" width="95%"><tr class="TableHeader" valign="top" xmlns:msxsl="urn:schemas-microsoft-com:xslt" xmlns:nunit2report="urn:my-scripts"><td width="75%" colspan="3"><b>Name</b></td><td width="5%"><b>Tests</b></td><td width="5%"><b>Errors</b></td><td width="5%"><b>Failures</b></td><td width="10%" nowrap="nowrap"><b>Time(s)</b></td></tr><tr valign="top" class="Pass"><td width="25%"><a href="#AFKAAAAAAAAAAAAAAAA" class="">BeInspiredTest</a></td><td nowrap="nowrap" width="6%" align="right"><b>100.00 %</b></td><td width="20%" height="9px"><span class="covered" style="width:200px"></span></td><td>9</td><td>0</td><td>0</td><td>172.098</td></tr><tr valign="top" class="Pass"><td width="25%"><a href="#AFJAAAAAAAAAAAAAAAA" class="">BookingEngineSearchTest</a></td><td nowrap="nowrap" width="6%" align="right"><b>100.00 %</b></td><td width="20%" height="9px"><span class="covered" style="width:200px"></span></td><td>16</td><td>0</td><td>0</td><td>998.133</td></tr><tr valign="top" class="Pass"><td width="25%"><a href="#AFIAAAAAAAAAAAAAAAA" class="">FlightDealsTest</a></td><td nowrap="nowrap" width="6%" align="right"><b>100.00 %</b></td><td width="20%" height="9px"><span class="covered" style="width:200px"></span></td><td>4</td><td>0</td><td>0</td><td>69.191</td></tr><tr valign="top" class="Failure"><td width="25%"><a href="#AFHAAAAAAAAAAAAAAAA" class="Failure">HomeTest</a></td><td nowrap="nowrap" width="6%" align="right"><b>81.82 %</b></td><td width="20%" height="9px"><span class="covered" style="width:164px"></span><span class="uncovered" style="width:36px"></span></td><td>18</td><td>0</td><td>4</td><td>602.078</td></tr><tr valign="top" class="Failure"><td width="25%"><a href="#AFGAAAAAAAAAAAAAAAA" class="Failure">NewsLetterTest</a></td><td nowrap="nowrap" width="6%" align="right"><b>33.33 %</b></td><td width="20%" height="9px"><span class="covered" style="width:67px"></span><span class="uncovered" style="width:133px"></span></td><td>1</td><td>0</td><td>2</td><td>31.001</td></tr><tr valign="top" class="Pass"><td width="25%"><a href="#AFFAAAAAAAAAAAAAAAA" class="">PpcLandingTest</a></td><td nowrap="nowrap" width="6%" align="right"><b>100.00 %</b></td><td width="20%" height="9px"><span class="covered" style="width:200px"></span></td><td>1</td><td>0</td><td>0</td><td>23.765</td></tr><tr valign="top" class="Failure"><td width="25%"><a href="#AFEAAAAAAAAAAAAAAAA" class="Failure">SearchByDateTest</a></td><td nowrap="nowrap" width="6%" align="right"><b>69.23 %</b></td><td width="20%" height="9px"><span class="covered" style="width:138px"></span><span class="uncovered" style="width:62px"></span></td><td>9</td><td>0</td><td>4</td><td>291.014</td></tr><tr valign="top" class="Failure"><td width="25%"><a href="#AFDAAAAAAAAAAAAAAAA" class="Failure">StaffPicksTest</a></td><td nowrap="nowrap" width="6%" align="right"><b>66.67 %</b></td><td width="20%" height="9px"><span class="covered" style="width:133px"></span><span class="uncovered" style="width:67px"></span></td><td>4</td><td>0</td><td>2</td><td>96.710</td></tr><tr valign="top" class="Failure"><td width="25%"><a href="#AFCAAAAAAAAAAAAAAAA" class="Failure">TravelGuideTest</a></td><td nowrap="nowrap" width="6%" align="right"><b>46.15 %</b></td><td width="20%" height="9px"><span class="covered" style="width:92px"></span><span class="uncovered" style="width:108px"></span></td><td>6</td><td>0</td><td>7</td><td>562.615</td></tr><tr valign="top" class="Failure"><td width="25%"><a href="#AFBAAAAAAAAAAAAAAAA" class="Failure">TravelKnowHowTest</a></td><td nowrap="nowrap" width="6%" align="right"><b>75.00 %</b></td><td width="20%" height="9px"><span class="covered" style="width:150px"></span><span class="uncovered" style="width:50px"></span></td><td>9</td><td>0</td><td>3</td><td>356.496</td></tr></table><hr size="1" width="95%" align="left"></hr><a name="#AFKAAAAAAAAAAAAAAAA"></a><h3>TestSuite BeInspiredTest</h3><table border="0" cellpadding="1" cellspacing="1" width="95%"><tr class="TableHeader" valign="top" xmlns:msxsl="urn:schemas-microsoft-com:xslt" xmlns:nunit2report="urn:my-scripts"><td width="85%" colspan="2"><b>Name</b></td><td width="10%"><b>Status</b></td><td width="5%" nowrap="nowrap"><b>Time(s)</b></td></tr><tr valign="top" class="Pass" xmlns:msxsl="urn:schemas-microsoft-com:xslt" xmlns:nunit2report="urn:my-scripts"><td width="20%" class="method"> TestBeInspired</td><td width="65%" style="padding-left:3px" height="9px"><span class="covered" style="width:200px"></span></td><td>Pass</td><td>49.744</td></tr><tr valign="top" class="Pass" xmlns:msxsl="urn:schemas-microsoft-com:xslt" xmlns:nunit2report="urn:my-scripts"><td width="20%" class="method"> TestCheckForOptionsAvailable</td><td width="65%" style="padding-left:3px" height="9px"><span class="covered" style="width:200px"></span></td><td>Pass</td><td>10.647</td></tr><tr valign="top" class="Pass" xmlns:msxsl="urn:schemas-microsoft-com:xslt" xmlns:nunit2report="urn:my-scripts"><td width="20%" class="method"> TestCookiedData</td><td width="65%" style="padding-left:3px" height="9px"><span class="covered" style="width:200px"></span></td><td>Pass</td><td>27.686</td></tr><tr valign="top" class="Pass" xmlns:msxsl="urn:schemas-microsoft-com:xslt" xmlns:nunit2report="urn:my-scripts"><td width="20%" class="method"> TestFollowusFacebook</td><td width="65%" style="padding-left:3px" height="9px"><span class="covered" style="width:200px"></span></td><td>Pass</td><td>14.138</td></tr><tr valign="top" class="Pass" xmlns:msxsl="urn:schemas-microsoft-com:xslt" xmlns:nunit2report="urn:my-scripts"><td width="20%" class="method"> TestFollowusGPlus</td><td width="65%" style="padding-left:3px" height="9px"><span class="covered" style="width:200px"></span></td><td>Pass</td><td>18.441</td></tr><tr valign="top" class="Pass" xmlns:msxsl="urn:schemas-microsoft-com:xslt" xmlns:nunit2report="urn:my-scripts"><td width="20%" class="method"> TestFollowusTwitter</td><td width="65%" style="padding-left:3px" height="9px"><span class="covered" style="width:200px"></span></td><td>Pass</td><td>14.696</td></tr><tr valign="top" class="Pass" xmlns:msxsl="urn:schemas-microsoft-com:xslt" xmlns:nunit2report="urn:my-scripts"><td width="20%" class="method"> TestSearchByNoDeparture</td><td width="65%" style="padding-left:3px" height="9px"><span class="covered" style="width:200px"></span></td><td>Pass</td><td>12.430</td></tr><tr valign="top" class="Pass" xmlns:msxsl="urn:schemas-microsoft-com:xslt" xmlns:nunit2report="urn:my-scripts"><td width="20%" class="method"> TestValidateBinspiredPageExists</td><td width="65%" style="padding-left:3px" height="9px"><span class="covered" style="width:200px"></span></td><td>Pass</td><td>12.347</td></tr><tr valign="top" class="Pass" xmlns:msxsl="urn:schemas-microsoft-com:xslt" xmlns:nunit2report="urn:my-scripts"><td width="20%" class="method"> TestWhatOptionsAvailable</td><td width="65%" style="padding-left:3px" height="9px"><span class="covered" style="width:200px"></span></td><td>Pass</td><td>11.939</td></tr></table><a href="#top">Back to top</a><a name="#AFJAAAAAAAAAAAAAAAA"></a><h3>TestSuite BookingEngineSearchTest</h3><table border="0" cellpadding="1" cellspacing="1" width="95%"><tr class="TableHeader" valign="top" xmlns:msxsl="urn:schemas-microsoft-com:xslt" xmlns:nunit2report="urn:my-scripts"><td width="85%" colspan="2"><b>Name</b></td><td width="10%"><b>Status</b></td><td width="5%" nowrap="nowrap"><b>Time(s)</b></td></tr><tr valign="top" class="Pass" xmlns:msxsl="urn:schemas-microsoft-com:xslt" xmlns:nunit2report="urn:my-scripts"><td width="20%" class="method"> TestNLSignup</td><td width="65%" style="padding-left:3px" height="9px"><span class="covered" style="width:200px"></span></td><td>Pass</td><td>23.650</td></tr><tr valign="top" class="Pass" xmlns:msxsl="urn:schemas-microsoft-com:xslt" xmlns:nunit2report="urn:my-scripts"><td width="20%" class="method"> TestSearchByAnywhere</td><td width="65%" style="padding-left:3px" height="9px"><span class="covered" style="width:200px"></span></td><td>Pass</td><td>22.049</td></tr><tr valign="top" class="Pass" xmlns:msxsl="urn:schemas-microsoft-com:xslt" xmlns:nunit2report="urn:my-scripts"><td width="20%" class="method"> TestSearchByCatchmentAirport</td><td width="65%" style="padding-left:3px" height="9px"><span class="covered" style="width:200px"></span></td><td>Pass</td><td>17.829</td></tr><tr valign="top" class="Pass" xmlns:msxsl="urn:schemas-microsoft-com:xslt" xmlns:nunit2report="urn:my-scripts"><td width="20%" class="method"> TestSearchByCitytoCity</td><td width="65%" style="padding-left:3px" height="9px"><span class="covered" style="width:200px"></span></td><td>Pass</td><td>19.463</td></tr><tr valign="top" class="Pass" xmlns:msxsl="urn:schemas-microsoft-com:xslt" xmlns:nunit2report="urn:my-scripts"><td width="20%" class="method"> TestSearchByContinent</td><td width="65%" style="padding-left:3px" height="9px"><span class="covered" style="width:200px"></span></td><td>Pass</td><td>32.098</td></tr><tr valign="top" class="Pass" xmlns:msxsl="urn:schemas-microsoft-com:xslt" xmlns:nunit2report="urn:my-scripts"><td width="20%" class="method"> TestSearchByCountry</td><td width="65%" style="padding-left:3px" height="9px"><span class="covered" style="width:200px"></span></td><td>Pass</td><td>30.622</td></tr><tr valign="top" class="Pass" xmlns:msxsl="urn:schemas-microsoft-com:xslt" xmlns:nunit2report="urn:my-scripts"><td width="20%" class="method"> TestSearchByIATAtoCity</td><td width="65%" style="padding-left:3px" height="9px"><span class="covered" style="width:200px"></span></td><td>Pass</td><td>18.118</td></tr><tr valign="top" class="Pass" xmlns:msxsl="urn:schemas-microsoft-com:xslt" xmlns:nunit2report="urn:my-scripts"><td width="20%" class="method"> TestSearchByIATAtoIATA</td><td width="65%" style="padding-left:3px" height="9px"><span class="covered" style="width:200px"></span></td><td>Pass</td><td>18.172</td></tr><tr valign="top" class="Pass" xmlns:msxsl="urn:schemas-microsoft-com:xslt" xmlns:nunit2report="urn:my-scripts"><td width="20%" class="method"> TestSearchByRegion</td><td width="65%" style="padding-left:3px" height="9px"><span class="covered" style="width:200px"></span></td><td>Pass</td><td>31.315</td></tr><tr valign="top" class="Pass" xmlns:msxsl="urn:schemas-microsoft-com:xslt" xmlns:nunit2report="urn:my-scripts"><td width="20%" class="method"> TestSearchBySisterSite</td><td width="65%" style="padding-left:3px" height="9px"><span class="covered" style="width:200px"></span></td><td>Pass</td><td>19.929</td></tr><tr valign="top" class="Pass" xmlns:msxsl="urn:schemas-microsoft-com:xslt" xmlns:nunit2report="urn:my-scripts"><td width="20%" class="method"> TestSearchByState</td><td width="65%" style="padding-left:3px" height="9px"><span class="covered" style="width:200px"></span></td><td>Pass</td><td>33.569</td></tr><tr valign="top" class="Pass" xmlns:msxsl="urn:schemas-microsoft-com:xslt" xmlns:nunit2report="urn:my-scripts"><td width="20%" class="method"> TestSearchNoDepartDate</td><td width="65%" style="padding-left:3px" height="9px"><span class="covered" style="width:200px"></span></td><td>Pass</td><td>266.379</td></tr><tr valign="top" class="Pass" xmlns:msxsl="urn:schemas-microsoft-com:xslt" xmlns:nunit2report="urn:my-scripts"><td width="20%" class="method"> TestSearchNoDeparture</td><td width="65%" style="padding-left:3px" height="9px"><span class="covered" style="width:200px"></span></td><td>Pass</td><td>367.367</td></tr><tr valign="top" class="Pass" xmlns:msxsl="urn:schemas-microsoft-com:xslt" xmlns:nunit2report="urn:my-scripts"><td width="20%" class="method"> TestSearchNoReturn</td><td width="65%" style="padding-left:3px" height="9px"><span class="covered" style="width:200px"></span></td><td>Pass</td><td>25.867</td></tr><tr valign="top" class="Pass" xmlns:msxsl="urn:schemas-microsoft-com:xslt" xmlns:nunit2report="urn:my-scripts"><td width="20%" class="method"> TestSearchNoReturnDate</td><td width="65%" style="padding-left:3px" height="9px"><span class="covered" style="width:200px"></span></td><td>Pass</td><td>43.315</td></tr><tr valign="top" class="Pass" xmlns:msxsl="urn:schemas-microsoft-com:xslt" xmlns:nunit2report="urn:my-scripts"><td width="20%" class="method"> TestSearchOneWay</td><td width="65%" style="padding-left:3px" height="9px"><span class="covered" style="width:200px"></span></td><td>Pass</td><td>28.317</td></tr></table><a href="#top">Back to top</a><a name="#AFIAAAAAAAAAAAAAAAA"></a><h3>TestSuite FlightDealsTest</h3><table border="0" cellpadding="1" cellspacing="1" width="95%"><tr class="TableHeader" valign="top" xmlns:msxsl="urn:schemas-microsoft-com:xslt" xmlns:nunit2report="urn:my-scripts"><td width="85%" colspan="2"><b>Name</b></td><td width="10%"><b>Status</b></td><td width="5%" nowrap="nowrap"><b>Time(s)</b></td></tr><tr valign="top" class="Pass" xmlns:msxsl="urn:schemas-microsoft-com:xslt" xmlns:nunit2report="urn:my-scripts"><td width="20%" class="method"> TestFlightdeals</td><td width="65%" style="padding-left:3px" height="9px"><span class="covered" style="width:200px"></span></td><td>Pass</td><td>29.483</td></tr><tr valign="top" class="Pass" xmlns:msxsl="urn:schemas-microsoft-com:xslt" xmlns:nunit2report="urn:my-scripts"><td width="20%" class="method"> TestFollowusFacebook</td><td width="65%" style="padding-left:3px" height="9px"><span class="covered" style="width:200px"></span></td><td>Pass</td><td>16.084</td></tr><tr valign="top" class="Pass" xmlns:msxsl="urn:schemas-microsoft-com:xslt" xmlns:nunit2report="urn:my-scripts"><td width="20%" class="method"> TestFollowusGPlus</td><td width="65%" style="padding-left:3px" height="9px"><span class="covered" style="width:200px"></span></td><td>Pass</td><td>14.479</td></tr><tr valign="top" class="Pass" xmlns:msxsl="urn:schemas-microsoft-com:xslt" xmlns:nunit2report="urn:my-scripts"><td width="20%" class="method"> TestFollowusTwitter</td><td width="65%" style="padding-left:3px" height="9px"><span class="covered" style="width:200px"></span></td><td>Pass</td><td>9.133</td></tr></table><a href="#top">Back to top</a><a name="#AFHAAAAAAAAAAAAAAAA"></a><h3>TestSuite HomeTest</h3><table border="0" cellpadding="1" cellspacing="1" width="95%"><tr class="TableHeader" valign="top" xmlns:msxsl="urn:schemas-microsoft-com:xslt" xmlns:nunit2report="urn:my-scripts"><td width="85%" colspan="2"><b>Name</b></td><td width="10%"><b>Status</b></td><td width="5%" nowrap="nowrap"><b>Time(s)</b></td></tr><tr valign="top" class="Pass" xmlns:msxsl="urn:schemas-microsoft-com:xslt" xmlns:nunit2report="urn:my-scripts"><td width="20%" class="method"> TestAgentDetails</td><td width="65%" style="padding-left:3px" height="9px"><span class="covered" style="width:200px"></span></td><td>Pass</td><td>24.538</td></tr><tr valign="top" class="Pass" xmlns:msxsl="urn:schemas-microsoft-com:xslt" xmlns:nunit2report="urn:my-scripts"><td width="20%" class="method"> TestAlternateDealsPage</td><td width="65%" style="padding-left:3px" height="9px"><span class="covered" style="width:200px"></span></td><td>Pass</td><td>20.162</td></tr><tr valign="top" class="Pass" xmlns:msxsl="urn:schemas-microsoft-com:xslt" xmlns:nunit2report="urn:my-scripts"><td width="20%" class="method"> TestBookingGuideModuleExists</td><td width="65%" style="padding-left:3px" height="9px"><span class="covered" style="width:200px"></span></td><td>Pass</td><td>14.931</td></tr><tr valign="top" class="Failure" xmlns:msxsl="urn:schemas-microsoft-com:xslt" xmlns:nunit2report="urn:my-scripts"><td width="20%"> <a title="Show/Hide message error" href="javascript:Toggle('AFSAHAAAAAAAAAAAAAAAA')" class="error">TestContinentMap</a></td><td width="65%" style="padding-left:3px" height="9px"><span class="uncovered" style="width:200px"></span></td><td>Failure</td><td>28.526</td></tr><tr style="display: block;" id="AFSAHAAAAAAAAAAAAAAAA" xmlns:msxsl="urn:schemas-microsoft-com:xslt" xmlns:nunit2report="urn:my-scripts"><td colspan="4" class="FailureDetail">OpenQA.Selenium.NoSuchElementException : Unable to locate element: {"method":"xpath","selector":".//*[@id='ctl00_cp1_heading']"}at OpenQA.Selenium.Remote.RemoteWebDriver.UnpackAndThrowOnError(Response errorResponse) in c:\Projects\WebDriver\trunk\dotnet\src\WebDriver\Remote\RemoteWebDriver.cs:line 951
at OpenQA.Selenium.Remote.RemoteWebDriver.Execute(String driverCommandToExecute, Dictionary`2 parameters) in c:\Projects\WebDriver\trunk\dotnet\src\WebDriver\Remote\RemoteWebDriver.cs:line 812
at OpenQA.Selenium.Remote.RemoteWebDriver.FindElement(String mechanism, String value) in c:\Projects\WebDriver\trunk\dotnet\src\WebDriver\Remote\RemoteWebDriver.cs:line 841
at OpenQA.Selenium.By.FindElement(ISearchContext context) in c:\Projects\WebDriver\trunk\dotnet\src\WebDriver\By.cs:line 272
at TestSelenium.com.cf.webdriver.src.PageObject.HomePage.getAllLinks(DriverContext Context, String parentContainer) in c:\tfs\TestAndRelease\FunctionalAutomation\TestProject1\com\cf\webdriver\src\PageObject\HomePage.cs:line 186
at TestSelenium.com.cf.webdriver.src.PageObject.HomePage.continentSearch(DriverContext Context, String continent) in c:\tfs\TestAndRelease\FunctionalAutomation\TestProject1\com\cf\webdriver\src\PageObject\HomePage.cs:line 151
at TestSelenium.com.cf.webdriver.src.SanityTests.HomeTest.TestContinentMap() in c:\tfs\TestAndRelease\FunctionalAutomation\TestProject1\com\cf\webdriver\src\SanityTests\HomeTest.cs:line 160
</td></tr><tr valign="top" class="Failure" xmlns:msxsl="urn:schemas-microsoft-com:xslt" xmlns:nunit2report="urn:my-scripts"><td width="20%"> <a title="Show/Hide message error" href="javascript:Toggle('AFRAHAAAAAAAAAAAAAAAA')" class="error">TestEdiorsPick</a></td><td width="65%" style="padding-left:3px" height="9px"><span class="uncovered" style="width:200px"></span></td><td>Failure</td><td>63.207</td></tr><tr style="display: block;" id="AFRAHAAAAAAAAAAAAAAAA" xmlns:msxsl="urn:schemas-microsoft-com:xslt" xmlns:nunit2report="urn:my-scripts"><td colspan="4" class="FailureDetail">OpenQA.Selenium.NoSuchElementException : Unable to locate element: {"method":"xpath","selector":".//*[@id='page']/div/div/div/div/ul[2]/li[7]/a"}at OpenQA.Selenium.Remote.RemoteWebDriver.UnpackAndThrowOnError(Response errorResponse) in c:\Projects\WebDriver\trunk\dotnet\src\WebDriver\Remote\RemoteWebDriver.cs:line 951
at OpenQA.Selenium.Remote.RemoteWebDriver.Execute(String driverCommandToExecute, Dictionary`2 parameters) in c:\Projects\WebDriver\trunk\dotnet\src\WebDriver\Remote\RemoteWebDriver.cs:line 812
at OpenQA.Selenium.Remote.RemoteWebDriver.FindElement(String mechanism, String value) in c:\Projects\WebDriver\trunk\dotnet\src\WebDriver\Remote\RemoteWebDriver.cs:line 841
at OpenQA.Selenium.By.FindElement(ISearchContext context) in c:\Projects\WebDriver\trunk\dotnet\src\WebDriver\By.cs:line 272
at TestSelenium.com.cf.webdriver.src.PageObject.HomePage.EditorsPick(DriverContext Context) in c:\tfs\TestAndRelease\FunctionalAutomation\TestProject1\com\cf\webdriver\src\PageObject\HomePage.cs:line 544
at TestSelenium.com.cf.webdriver.src.SanityTests.HomeTest.TestEdiorsPick() in c:\tfs\TestAndRelease\FunctionalAutomation\TestProject1\com\cf\webdriver\src\SanityTests\HomeTest.cs:line 488
</td></tr><tr valign="top" class="Pass" xmlns:msxsl="urn:schemas-microsoft-com:xslt" xmlns:nunit2report="urn:my-scripts"><td width="20%" class="method"> TestFlagDropDown</td><td width="65%" style="padding-left:3px" height="9px"><span class="covered" style="width:200px"></span></td><td>Pass</td><td>14.721</td></tr><tr valign="top" class="Pass" xmlns:msxsl="urn:schemas-microsoft-com:xslt" xmlns:nunit2report="urn:my-scripts"><td width="20%" class="method"> TestFollowusFacebook</td><td width="65%" style="padding-left:3px" height="9px"><span class="covered" style="width:200px"></span></td><td>Pass</td><td>13.295</td></tr><tr valign="top" class="Pass" xmlns:msxsl="urn:schemas-microsoft-com:xslt" xmlns:nunit2report="urn:my-scripts"><td width="20%" class="method"> TestFollowusGPlus</td><td width="65%" style="padding-left:3px" height="9px"><span class="covered" style="width:200px"></span></td><td>Pass</td><td>12.275</td></tr><tr valign="top" class="Pass" xmlns:msxsl="urn:schemas-microsoft-com:xslt" xmlns:nunit2report="urn:my-scripts"><td width="20%" class="method"> TestFollowusTwitter</td><td width="65%" style="padding-left:3px" height="9px"><span class="covered" style="width:200px"></span></td><td>Pass</td><td>9.960</td></tr><tr valign="top" class="Failure" xmlns:msxsl="urn:schemas-microsoft-com:xslt" xmlns:nunit2report="urn:my-scripts"><td width="20%"> <a title="Show/Hide message error" href="javascript:Toggle('AFMAHAAAAAAAAAAAAAAAA')" class="error">TestHomeDepartureSpilt</a></td><td width="65%" style="padding-left:3px" height="9px"><span class="uncovered" style="width:200px"></span></td><td>Failure</td><td>89.351</td></tr><tr style="display: block;" id="AFMAHAAAAAAAAAAAAAAAA" xmlns:msxsl="urn:schemas-microsoft-com:xslt" xmlns:nunit2report="urn:my-scripts"><td colspan="4" class="FailureDetail">OpenQA.Selenium.NoSuchElementException : Unable to locate element: {"method":"xpath","selector":".//*[@id='page']/div[2]/div[1]/div[1]/div/div[2]/ul/li[3]/a"}at OpenQA.Selenium.Remote.RemoteWebDriver.UnpackAndThrowOnError(Response errorResponse) in c:\Projects\WebDriver\trunk\dotnet\src\WebDriver\Remote\RemoteWebDriver.cs:line 951
at OpenQA.Selenium.Remote.RemoteWebDriver.Execute(String driverCommandToExecute, Dictionary`2 parameters) in c:\Projects\WebDriver\trunk\dotnet\src\WebDriver\Remote\RemoteWebDriver.cs:line 812
at OpenQA.Selenium.Remote.RemoteWebDriver.FindElement(String mechanism, String value) in c:\Projects\WebDriver\trunk\dotnet\src\WebDriver\Remote\RemoteWebDriver.cs:line 841
at OpenQA.Selenium.By.FindElement(ISearchContext context) in c:\Projects\WebDriver\trunk\dotnet\src\WebDriver\By.cs:line 272
at TestSelenium.com.cf.webdriver.src.PageObject.HomePage.departureSpilt(DriverContext Context) in c:\tfs\TestAndRelease\FunctionalAutomation\TestProject1\com\cf\webdriver\src\PageObject\HomePage.cs:line 457
at TestSelenium.com.cf.webdriver.src.SanityTests.HomeTest.TestHomeDepartureSpilt() in c:\tfs\TestAndRelease\FunctionalAutomation\TestProject1\com\cf\webdriver\src\SanityTests\HomeTest.cs:line 444
</td></tr><tr valign="top" class="Pass" xmlns:msxsl="urn:schemas-microsoft-com:xslt" xmlns:nunit2report="urn:my-scripts"><td width="20%" class="method"> TestHomeTravelTips</td><td width="65%" style="padding-left:3px" height="9px"><span class="covered" style="width:200px"></span></td><td>Pass</td><td>58.995</td></tr><tr valign="top" class="Pass" xmlns:msxsl="urn:schemas-microsoft-com:xslt" xmlns:nunit2report="urn:my-scripts"><td width="20%" class="method"> TestSearch</td><td width="65%" style="padding-left:3px" height="9px"><span class="covered" style="width:200px"></span></td><td>Pass</td><td>22.418</td></tr><tr valign="top" class="Pass" xmlns:msxsl="urn:schemas-microsoft-com:xslt" xmlns:nunit2report="urn:my-scripts"><td width="20%" class="method"> TestSearchByNoDepartDate</td><td width="65%" style="padding-left:3px" height="9px"><span class="covered" style="width:200px"></span></td><td>Pass</td><td>10.554</td></tr><tr valign="top" class="Pass" xmlns:msxsl="urn:schemas-microsoft-com:xslt" xmlns:nunit2report="urn:my-scripts"><td width="20%" class="method"> TestSearchByNoDeparture</td><td width="65%" style="padding-left:3px" height="9px"><span class="covered" style="width:200px"></span></td><td>Pass</td><td>9.164</td></tr><tr valign="top" class="Pass" xmlns:msxsl="urn:schemas-microsoft-com:xslt" xmlns:nunit2report="urn:my-scripts"><td width="20%" class="method"> TestSearchByNoReturn</td><td width="65%" style="padding-left:3px" height="9px"><span class="covered" style="width:200px"></span></td><td>Pass</td><td>12.915</td></tr><tr valign="top" class="Pass" xmlns:msxsl="urn:schemas-microsoft-com:xslt" xmlns:nunit2report="urn:my-scripts"><td width="20%" class="method"> TestSearchByNoReturnDate</td><td width="65%" style="padding-left:3px" height="9px"><span class="covered" style="width:200px"></span></td><td>Pass</td><td>25.159</td></tr><tr valign="top" class="Pass" xmlns:msxsl="urn:schemas-microsoft-com:xslt" xmlns:nunit2report="urn:my-scripts"><td width="20%" class="method"> TestStrapLine</td><td width="65%" style="padding-left:3px" height="9px"><span class="covered" style="width:200px"></span></td><td>Pass</td><td>59.436</td></tr><tr valign="top" class="Failure" xmlns:msxsl="urn:schemas-microsoft-com:xslt" xmlns:nunit2report="urn:my-scripts"><td width="20%"> <a title="Show/Hide message error" href="javascript:Toggle('AFEAHAAAAAAAAAAAAAAAA')" class="error">Testtabs</a></td><td width="65%" style="padding-left:3px" height="9px"><span class="uncovered" style="width:200px"></span></td><td>Failure</td><td>10.292</td></tr><tr style="display: block;" id="AFEAHAAAAAAAAAAAAAAAA" xmlns:msxsl="urn:schemas-microsoft-com:xslt" xmlns:nunit2report="urn:my-scripts"><td colspan="4" class="FailureDetail">OpenQA.Selenium.NoSuchElementException : Unable to locate element: {"method":"partial link text","selector":"flightdeals"}at OpenQA.Selenium.Remote.RemoteWebDriver.UnpackAndThrowOnError(Response errorResponse) in c:\Projects\WebDriver\trunk\dotnet\src\WebDriver\Remote\RemoteWebDriver.cs:line 951
at OpenQA.Selenium.Remote.RemoteWebDriver.Execute(String driverCommandToExecute, Dictionary`2 parameters) in c:\Projects\WebDriver\trunk\dotnet\src\WebDriver\Remote\RemoteWebDriver.cs:line 812
at OpenQA.Selenium.Remote.RemoteWebDriver.FindElement(String mechanism, String value) in c:\Projects\WebDriver\trunk\dotnet\src\WebDriver\Remote\RemoteWebDriver.cs:line 841
at OpenQA.Selenium.By.FindElement(ISearchContext context) in c:\Projects\WebDriver\trunk\dotnet\src\WebDriver\By.cs:line 272
at TestSelenium.com.cf.webdriver.src.Common.Utility.SwitchMainTabs(DriverContext Context, String tabName) in C:\TFS\TestAndRelease\FunctionalAutomation\TestProject1\com\cf\webdriver\src\Common\Utility.cs:line 293
at TestSelenium.com.cf.webdriver.src.SanityTests.HomeTest.Testtabs() in c:\tfs\TestAndRelease\FunctionalAutomation\TestProject1\com\cf\webdriver\src\SanityTests\HomeTest.cs:line 255
</td></tr><tr valign="top" class="Pass" xmlns:msxsl="urn:schemas-microsoft-com:xslt" xmlns:nunit2report="urn:my-scripts"><td width="20%" class="method"> TestValidateCountrylabelPresent</td><td width="65%" style="padding-left:3px" height="9px"><span class="covered" style="width:200px"></span></td><td>Pass</td><td>14.052</td></tr><tr valign="top" class="Pass" xmlns:msxsl="urn:schemas-microsoft-com:xslt" xmlns:nunit2report="urn:my-scripts"><td width="20%" class="method"> TestValidateLogo</td><td width="65%" style="padding-left:3px" height="9px"><span class="covered" style="width:200px"></span></td><td>Pass</td><td>8.701</td></tr><tr valign="top" class="Pass" xmlns:msxsl="urn:schemas-microsoft-com:xslt" xmlns:nunit2report="urn:my-scripts"><td width="20%" class="method"> TestValidateWarningMessage</td><td width="65%" style="padding-left:3px" height="9px"><span class="covered" style="width:200px"></span></td><td>Pass</td><td>12.819</td></tr><tr valign="top" class="Pass" xmlns:msxsl="urn:schemas-microsoft-com:xslt" xmlns:nunit2report="urn:my-scripts"><td width="20%" class="method"> TestWorldMap</td><td width="65%" style="padding-left:3px" height="9px"><span class="covered" style="width:200px"></span></td><td>Pass</td><td>66.424</td></tr></table><a href="#top">Back to top</a><a name="#AFGAAAAAAAAAAAAAAAA"></a><h3>TestSuite NewsLetterTest</h3><table border="0" cellpadding="1" cellspacing="1" width="95%"><tr class="TableHeader" valign="top" xmlns:msxsl="urn:schemas-microsoft-com:xslt" xmlns:nunit2report="urn:my-scripts"><td width="85%" colspan="2"><b>Name</b></td><td width="10%"><b>Status</b></td><td width="5%" nowrap="nowrap"><b>Time(s)</b></td></tr><tr valign="top" class="Pass" xmlns:msxsl="urn:schemas-microsoft-com:xslt" xmlns:nunit2report="urn:my-scripts"><td width="20%" class="method"> TestFollowusFacebook</td><td width="65%" style="padding-left:3px" height="9px"><span class="covered" style="width:200px"></span></td><td>Pass</td><td>14.913</td></tr><tr valign="top" class="Failure" xmlns:msxsl="urn:schemas-microsoft-com:xslt" xmlns:nunit2report="urn:my-scripts"><td width="20%"> <a title="Show/Hide message error" href="javascript:Toggle('AFBAGAAAAAAAAAAAAAAAA')" class="error">TestFollowusGPlus</a></td><td width="65%" style="padding-left:3px" height="9px"><span class="uncovered" style="width:200px"></span></td><td>Failure</td><td>6.594</td></tr><tr style="display: block;" id="AFBAGAAAAAAAAAAAAAAAA" xmlns:msxsl="urn:schemas-microsoft-com:xslt" xmlns:nunit2report="urn:my-scripts"><td colspan="4" class="FailureDetail">OpenQA.Selenium.InvalidElementStateException : [Exception... "Component returned failure code: 0x80004003 (NS_ERROR_INVALID_POINTER) [nsINativeMouse.click]"  nsresult: "0x80004003 (NS_ERROR_INVALID_POINTER)"  location: "JS frame :: file:///C:/Users/skhanam/AppData/Local/Temp/anonymous2014099089.webdriver-profile/extensions/fxdriver@googlecode.com/components/command_processor.js :: &lt;TOP_LEVEL&gt; :: line 9457"  data: no]at OpenQA.Selenium.Remote.RemoteWebDriver.UnpackAndThrowOnError(Response errorResponse) in c:\Projects\WebDriver\trunk\dotnet\src\WebDriver\Remote\RemoteWebDriver.cs:line 970
at OpenQA.Selenium.Remote.RemoteWebDriver.Execute(String driverCommandToExecute, Dictionary`2 parameters) in c:\Projects\WebDriver\trunk\dotnet\src\WebDriver\Remote\RemoteWebDriver.cs:line 812
at TestSelenium.com.cf.webdriver.src.PageObject.HomePage.followUS(DriverContext Context, String socialMediaOption) in c:\tfs\TestAndRelease\FunctionalAutomation\TestProject1\com\cf\webdriver\src\PageObject\HomePage.cs:line 207
at TestSelenium.com.cf.webdriver.src.SanityTests.NewsLetterTest.TestFollowusGPlus() in c:\tfs\TestAndRelease\FunctionalAutomation\TestProject1\com\cf\webdriver\src\SanityTests\NewsLetterTest.cs:line 66
</td></tr><tr valign="top" class="Failure" xmlns:msxsl="urn:schemas-microsoft-com:xslt" xmlns:nunit2report="urn:my-scripts"><td width="20%"> <a title="Show/Hide message error" href="javascript:Toggle('AFAAGAAAAAAAAAAAAAAAA')" class="error">TestFollowusTwitter</a></td><td width="65%" style="padding-left:3px" height="9px"><span class="uncovered" style="width:200px"></span></td><td>Failure</td><td>9.480</td></tr><tr style="display: block;" id="AFAAGAAAAAAAAAAAAAAAA" xmlns:msxsl="urn:schemas-microsoft-com:xslt" xmlns:nunit2report="urn:my-scripts"><td colspan="4" class="FailureDetail">OpenQA.Selenium.InvalidElementStateException : [Exception... "Component returned failure code: 0x80004003 (NS_ERROR_INVALID_POINTER) [nsINativeMouse.click]"  nsresult: "0x80004003 (NS_ERROR_INVALID_POINTER)"  location: "JS frame :: file:///C:/Users/skhanam/AppData/Local/Temp/anonymous759622099.webdriver-profile/extensions/fxdriver@googlecode.com/components/command_processor.js :: &lt;TOP_LEVEL&gt; :: line 9457"  data: no]at OpenQA.Selenium.Remote.RemoteWebDriver.UnpackAndThrowOnError(Response errorResponse) in c:\Projects\WebDriver\trunk\dotnet\src\WebDriver\Remote\RemoteWebDriver.cs:line 970
at OpenQA.Selenium.Remote.RemoteWebDriver.Execute(String driverCommandToExecute, Dictionary`2 parameters) in c:\Projects\WebDriver\trunk\dotnet\src\WebDriver\Remote\RemoteWebDriver.cs:line 812
at TestSelenium.com.cf.webdriver.src.PageObject.HomePage.followUS(DriverContext Context, String socialMediaOption) in c:\tfs\TestAndRelease\FunctionalAutomation\TestProject1\com\cf\webdriver\src\PageObject\HomePage.cs:line 207
at TestSelenium.com.cf.webdriver.src.SanityTests.NewsLetterTest.TestFollowusTwitter() in c:\tfs\TestAndRelease\FunctionalAutomation\TestProject1\com\cf\webdriver\src\SanityTests\NewsLetterTest.cs:line 45
</td></tr></table><a href="#top">Back to top</a><a name="#AFFAAAAAAAAAAAAAAAA"></a><h3>TestSuite PpcLandingTest</h3><table border="0" cellpadding="1" cellspacing="1" width="95%"><tr class="TableHeader" valign="top" xmlns:msxsl="urn:schemas-microsoft-com:xslt" xmlns:nunit2report="urn:my-scripts"><td width="85%" colspan="2"><b>Name</b></td><td width="10%"><b>Status</b></td><td width="5%" nowrap="nowrap"><b>Time(s)</b></td></tr><tr valign="top" class="Pass" xmlns:msxsl="urn:schemas-microsoft-com:xslt" xmlns:nunit2report="urn:my-scripts"><td width="20%" class="method"> TestMainPage</td><td width="65%" style="padding-left:3px" height="9px"><span class="covered" style="width:200px"></span></td><td>Pass</td><td>23.764</td></tr></table><a href="#top">Back to top</a><a name="#AFEAAAAAAAAAAAAAAAA"></a><h3>TestSuite SearchByDateTest</h3><table border="0" cellpadding="1" cellspacing="1" width="95%"><tr class="TableHeader" valign="top" xmlns:msxsl="urn:schemas-microsoft-com:xslt" xmlns:nunit2report="urn:my-scripts"><td width="85%" colspan="2"><b>Name</b></td><td width="10%"><b>Status</b></td><td width="5%" nowrap="nowrap"><b>Time(s)</b></td></tr><tr valign="top" class="Pass" xmlns:msxsl="urn:schemas-microsoft-com:xslt" xmlns:nunit2report="urn:my-scripts"><td width="20%" class="method"> TestAdultNumberCount</td><td width="65%" style="padding-left:3px" height="9px"><span class="covered" style="width:200px"></span></td><td>Pass</td><td>10.113</td></tr><tr valign="top" class="Pass" xmlns:msxsl="urn:schemas-microsoft-com:xslt" xmlns:nunit2report="urn:my-scripts"><td width="20%" class="method"> TestBEHeader</td><td width="65%" style="padding-left:3px" height="9px"><span class="covered" style="width:200px"></span></td><td>Pass</td><td>14.090</td></tr><tr valign="top" class="Pass" xmlns:msxsl="urn:schemas-microsoft-com:xslt" xmlns:nunit2report="urn:my-scripts"><td width="20%" class="method"> TestBookingEngine</td><td width="65%" style="padding-left:3px" height="9px"><span class="covered" style="width:200px"></span></td><td>Pass</td><td>72.208</td></tr><tr valign="top" class="Pass" xmlns:msxsl="urn:schemas-microsoft-com:xslt" xmlns:nunit2report="urn:my-scripts"><td width="20%" class="method"> TestChildrenNumberCount</td><td width="65%" style="padding-left:3px" height="9px"><span class="covered" style="width:200px"></span></td><td>Pass</td><td>10.250</td></tr><tr valign="top" class="Failure" xmlns:msxsl="urn:schemas-microsoft-com:xslt" xmlns:nunit2report="urn:my-scripts"><td width="20%"> <a title="Show/Hide message error" href="javascript:Toggle('AFIAEAAAAAAAAAAAAAAAA')" class="error">TestClickonPartner</a></td><td width="65%" style="padding-left:3px" height="9px"><span class="uncovered" style="width:200px"></span></td><td>Failure</td><td>38.572</td></tr><tr style="display: block;" id="AFIAEAAAAAAAAAAAAAAAA" xmlns:msxsl="urn:schemas-microsoft-com:xslt" xmlns:nunit2report="urn:my-scripts"><td colspan="4" class="FailureDetail">OpenQA.Selenium.WebDriverException : No response from server for url http://localhost:7072/hub/session/472891e4-b18b-4c56-b9f8-da879b231edd/sourceat OpenQA.Selenium.Remote.HttpCommandExecutor.CreateResponse(WebRequest request) in c:\Projects\WebDriver\trunk\dotnet\src\WebDriver\Remote\HttpCommandExecutor.cs:line 115
at OpenQA.Selenium.Remote.RemoteWebDriver.Execute(String driverCommandToExecute, Dictionary`2 parameters) in c:\Projects\WebDriver\trunk\dotnet\src\WebDriver\Remote\RemoteWebDriver.cs:line 799
at OpenQA.Selenium.Remote.RemoteWebDriver.get_PageSource() in c:\Projects\WebDriver\trunk\dotnet\src\WebDriver\Remote\RemoteWebDriver.cs:line 190
at TestSelenium.com.cf.webdriver.src.Common.Utility.IsTextPresent(String verifystring, DriverContext context) in C:\TFS\TestAndRelease\FunctionalAutomation\TestProject1\com\cf\webdriver\src\Common\Utility.cs:line 203
at TestSelenium.com.cf.webdriver.src.PageObject.SearchByDatePage.clickonPartner(DriverContext Context) in c:\tfs\TestAndRelease\FunctionalAutomation\TestProject1\com\cf\webdriver\src\PageObject\SearchByDatePage.cs:line 464
at TestSelenium.com.cf.webdriver.src.SanityTests.SearchByDateTest.TestClickonPartner() in c:\tfs\TestAndRelease\FunctionalAutomation\TestProject1\com\cf\webdriver\src\SanityTests\SearchByDateTest.cs:line 189
</td></tr><tr valign="top" class="Failure" xmlns:msxsl="urn:schemas-microsoft-com:xslt" xmlns:nunit2report="urn:my-scripts"><td width="20%"> <a title="Show/Hide message error" href="javascript:Toggle('AFHAEAAAAAAAAAAAAAAAA')" class="error">TestDealsBelowBookingEngine</a></td><td width="65%" style="padding-left:3px" height="9px"><span class="uncovered" style="width:200px"></span></td><td>Failure</td><td>4.014</td></tr><tr style="display: block;" id="AFHAEAAAAAAAAAAAAAAAA" xmlns:msxsl="urn:schemas-microsoft-com:xslt" xmlns:nunit2report="urn:my-scripts"><td colspan="4" class="FailureDetail">OpenQA.Selenium.WebDriverException : Unexpected error. System.Net.WebException: Unable to connect to the remote server ---&gt; System.Net.Sockets.SocketException: No connection could be made because the target machine actively refused it 127.0.0.1:7069
   at System.Net.Sockets.Socket.DoConnect(EndPoint endPointSnapshot, SocketAddress socketAddress)
   at System.Net.ServicePoint.ConnectSocketInternal(Boolean connectFailure, Socket s4, Socket s6, Socket&amp; socket, IPAddress&amp; address, ConnectSocketState state, IAsyncResult asyncResult, Int32 timeout, Exception&amp; exception)
   --- End of inner exception stack trace ---
   at System.Net.HttpWebRequest.GetRequestStream(TransportContext&amp; context)
   at System.Net.HttpWebRequest.GetRequestStream()
   at OpenQA.Selenium.Remote.HttpCommandExecutor.Execute(Command commandToExecute) in c:\Projects\WebDriver\trunk\dotnet\src\WebDriver\Remote\HttpCommandExecutor.cs:line 91
   at OpenQA.Selenium.Remote.RemoteWebDriver.Execute(String driverCommandToExecute, Dictionary`2 parameters) in c:\Projects\WebDriver\trunk\dotnet\src\WebDriver\Remote\RemoteWebDriver.cs:line 799at OpenQA.Selenium.Remote.RemoteWebDriver.UnpackAndThrowOnError(Response errorResponse) in c:\Projects\WebDriver\trunk\dotnet\src\WebDriver\Remote\RemoteWebDriver.cs:line 954
at OpenQA.Selenium.Remote.RemoteWebDriver.Execute(String driverCommandToExecute, Dictionary`2 parameters) in c:\Projects\WebDriver\trunk\dotnet\src\WebDriver\Remote\RemoteWebDriver.cs:line 812
at OpenQA.Selenium.Remote.RemoteWebDriver.StartSession(ICapabilities desiredCapabilities) in c:\Projects\WebDriver\trunk\dotnet\src\WebDriver\Remote\RemoteWebDriver.cs:line 777
at OpenQA.Selenium.Firefox.FirefoxDriver..ctor(FirefoxBinary binary, FirefoxProfile profile, TimeSpan commandTimeout) in c:\Projects\WebDriver\trunk\dotnet\src\WebDriver\Firefox\FirefoxDriver.cs:line 162
at TestSelenium.com.cf.webdriver.src.Common.DriverContext.Create(String testCaseName, Dictionary`2 lookup) in C:\TFS\TestAndRelease\FunctionalAutomation\TestProject1\com\cf\webdriver\src\Common\DriverContext.cs:line 52
at TestSelenium.com.cf.webdriver.src.SanityTests.SearchByDateTest.TestDealsBelowBookingEngine() in c:\tfs\TestAndRelease\FunctionalAutomation\TestProject1\com\cf\webdriver\src\SanityTests\SearchByDateTest.cs:line 211
</td></tr><tr valign="top" class="Pass" xmlns:msxsl="urn:schemas-microsoft-com:xslt" xmlns:nunit2report="urn:my-scripts"><td width="20%" class="method"> TestDynamicSearch</td><td width="65%" style="padding-left:3px" height="9px"><span class="covered" style="width:200px"></span></td><td>Pass</td><td>21.703</td></tr><tr valign="top" class="Pass" xmlns:msxsl="urn:schemas-microsoft-com:xslt" xmlns:nunit2report="urn:my-scripts"><td width="20%" class="method"> TestFollowusFacebook</td><td width="65%" style="padding-left:3px" height="9px"><span class="covered" style="width:200px"></span></td><td>Pass</td><td>14.303</td></tr><tr valign="top" class="Failure" xmlns:msxsl="urn:schemas-microsoft-com:xslt" xmlns:nunit2report="urn:my-scripts"><td width="20%"> <a title="Show/Hide message error" href="javascript:Toggle('AFEAEAAAAAAAAAAAAAAAA')" class="error">TestFollowusGPlus</a></td><td width="65%" style="padding-left:3px" height="9px"><span class="uncovered" style="width:200px"></span></td><td>Failure</td><td>5.983</td></tr><tr style="display: block;" id="AFEAEAAAAAAAAAAAAAAAA" xmlns:msxsl="urn:schemas-microsoft-com:xslt" xmlns:nunit2report="urn:my-scripts"><td colspan="4" class="FailureDetail">OpenQA.Selenium.InvalidElementStateException : [Exception... "Component returned failure code: 0x80004003 (NS_ERROR_INVALID_POINTER) [nsINativeMouse.click]"  nsresult: "0x80004003 (NS_ERROR_INVALID_POINTER)"  location: "JS frame :: file:///C:/Users/skhanam/AppData/Local/Temp/anonymous1637099451.webdriver-profile/extensions/fxdriver@googlecode.com/components/command_processor.js :: &lt;TOP_LEVEL&gt; :: line 9457"  data: no]at OpenQA.Selenium.Remote.RemoteWebDriver.UnpackAndThrowOnError(Response errorResponse) in c:\Projects\WebDriver\trunk\dotnet\src\WebDriver\Remote\RemoteWebDriver.cs:line 970
at OpenQA.Selenium.Remote.RemoteWebDriver.Execute(String driverCommandToExecute, Dictionary`2 parameters) in c:\Projects\WebDriver\trunk\dotnet\src\WebDriver\Remote\RemoteWebDriver.cs:line 812
at TestSelenium.com.cf.webdriver.src.PageObject.HomePage.followUS(DriverContext Context, String socialMediaOption) in c:\tfs\TestAndRelease\FunctionalAutomation\TestProject1\com\cf\webdriver\src\PageObject\HomePage.cs:line 207
at TestSelenium.com.cf.webdriver.src.SanityTests.SearchByDateTest.TestFollowusGPlus() in c:\tfs\TestAndRelease\FunctionalAutomation\TestProject1\com\cf\webdriver\src\SanityTests\SearchByDateTest.cs:line 90
</td></tr><tr valign="top" class="Failure" xmlns:msxsl="urn:schemas-microsoft-com:xslt" xmlns:nunit2report="urn:my-scripts"><td width="20%"> <a title="Show/Hide message error" href="javascript:Toggle('AFDAEAAAAAAAAAAAAAAAA')" class="error">TestFollowusTwitter</a></td><td width="65%" style="padding-left:3px" height="9px"><span class="uncovered" style="width:200px"></span></td><td>Failure</td><td>9.918</td></tr><tr style="display: block;" id="AFDAEAAAAAAAAAAAAAAAA" xmlns:msxsl="urn:schemas-microsoft-com:xslt" xmlns:nunit2report="urn:my-scripts"><td colspan="4" class="FailureDetail">OpenQA.Selenium.InvalidElementStateException : [Exception... "Component returned failure code: 0x80004003 (NS_ERROR_INVALID_POINTER) [nsINativeMouse.click]"  nsresult: "0x80004003 (NS_ERROR_INVALID_POINTER)"  location: "JS frame :: file:///C:/Users/skhanam/AppData/Local/Temp/anonymous2100451077.webdriver-profile/extensions/fxdriver@googlecode.com/components/command_processor.js :: &lt;TOP_LEVEL&gt; :: line 9457"  data: no]at OpenQA.Selenium.Remote.RemoteWebDriver.UnpackAndThrowOnError(Response errorResponse) in c:\Projects\WebDriver\trunk\dotnet\src\WebDriver\Remote\RemoteWebDriver.cs:line 970
at OpenQA.Selenium.Remote.RemoteWebDriver.Execute(String driverCommandToExecute, Dictionary`2 parameters) in c:\Projects\WebDriver\trunk\dotnet\src\WebDriver\Remote\RemoteWebDriver.cs:line 812
at TestSelenium.com.cf.webdriver.src.PageObject.HomePage.followUS(DriverContext Context, String socialMediaOption) in c:\tfs\TestAndRelease\FunctionalAutomation\TestProject1\com\cf\webdriver\src\PageObject\HomePage.cs:line 207
at TestSelenium.com.cf.webdriver.src.SanityTests.SearchByDateTest.TestFollowusTwitter() in c:\tfs\TestAndRelease\FunctionalAutomation\TestProject1\com\cf\webdriver\src\SanityTests\SearchByDateTest.cs:line 71
</td></tr><tr valign="top" class="Pass" xmlns:msxsl="urn:schemas-microsoft-com:xslt" xmlns:nunit2report="urn:my-scripts"><td width="20%" class="method"> TestInfantNumberCount</td><td width="65%" style="padding-left:3px" height="9px"><span class="covered" style="width:200px"></span></td><td>Pass</td><td>12.673</td></tr><tr valign="top" class="Pass" xmlns:msxsl="urn:schemas-microsoft-com:xslt" xmlns:nunit2report="urn:my-scripts"><td width="20%" class="method"> TestProductTypeDisplayed</td><td width="65%" style="padding-left:3px" height="9px"><span class="covered" style="width:200px"></span></td><td>Pass</td><td>37.375</td></tr><tr valign="top" class="Pass" xmlns:msxsl="urn:schemas-microsoft-com:xslt" xmlns:nunit2report="urn:my-scripts"><td width="20%" class="method"> TestReturnTime</td><td width="65%" style="padding-left:3px" height="9px"><span class="covered" style="width:200px"></span></td><td>Pass</td><td>39.740</td></tr></table><a href="#top">Back to top</a><a name="#AFDAAAAAAAAAAAAAAAA"></a><h3>TestSuite StaffPicksTest</h3><table border="0" cellpadding="1" cellspacing="1" width="95%"><tr class="TableHeader" valign="top" xmlns:msxsl="urn:schemas-microsoft-com:xslt" xmlns:nunit2report="urn:my-scripts"><td width="85%" colspan="2"><b>Name</b></td><td width="10%"><b>Status</b></td><td width="5%" nowrap="nowrap"><b>Time(s)</b></td></tr><tr valign="top" class="Pass" xmlns:msxsl="urn:schemas-microsoft-com:xslt" xmlns:nunit2report="urn:my-scripts"><td width="20%" class="method"> TestDisplayDate</td><td width="65%" style="padding-left:3px" height="9px"><span class="covered" style="width:200px"></span></td><td>Pass</td><td>19.596</td></tr><tr valign="top" class="Pass" xmlns:msxsl="urn:schemas-microsoft-com:xslt" xmlns:nunit2report="urn:my-scripts"><td width="20%" class="method"> TestDisplayHandPickedDeals</td><td width="65%" style="padding-left:3px" height="9px"><span class="covered" style="width:200px"></span></td><td>Pass</td><td>19.252</td></tr><tr valign="top" class="Pass" xmlns:msxsl="urn:schemas-microsoft-com:xslt" xmlns:nunit2report="urn:my-scripts"><td width="20%" class="method"> TestDisplayHeader</td><td width="65%" style="padding-left:3px" height="9px"><span class="covered" style="width:200px"></span></td><td>Pass</td><td>19.598</td></tr><tr valign="top" class="Pass" xmlns:msxsl="urn:schemas-microsoft-com:xslt" xmlns:nunit2report="urn:my-scripts"><td width="20%" class="method"> TestFollowusFacebook</td><td width="65%" style="padding-left:3px" height="9px"><span class="covered" style="width:200px"></span></td><td>Pass</td><td>18.569</td></tr><tr valign="top" class="Failure" xmlns:msxsl="urn:schemas-microsoft-com:xslt" xmlns:nunit2report="urn:my-scripts"><td width="20%"> <a title="Show/Hide message error" href="javascript:Toggle('AFBADAAAAAAAAAAAAAAAA')" class="error">TestFollowusGPlus</a></td><td width="65%" style="padding-left:3px" height="9px"><span class="uncovered" style="width:200px"></span></td><td>Failure</td><td>7.816</td></tr><tr style="display: block;" id="AFBADAAAAAAAAAAAAAAAA" xmlns:msxsl="urn:schemas-microsoft-com:xslt" xmlns:nunit2report="urn:my-scripts"><td colspan="4" class="FailureDetail">OpenQA.Selenium.InvalidElementStateException : [Exception... "Component returned failure code: 0x80004003 (NS_ERROR_INVALID_POINTER) [nsINativeMouse.click]"  nsresult: "0x80004003 (NS_ERROR_INVALID_POINTER)"  location: "JS frame :: file:///C:/Users/skhanam/AppData/Local/Temp/anonymous519766997.webdriver-profile/extensions/fxdriver@googlecode.com/components/command_processor.js :: &lt;TOP_LEVEL&gt; :: line 9457"  data: no]at OpenQA.Selenium.Remote.RemoteWebDriver.UnpackAndThrowOnError(Response errorResponse) in c:\Projects\WebDriver\trunk\dotnet\src\WebDriver\Remote\RemoteWebDriver.cs:line 970
at OpenQA.Selenium.Remote.RemoteWebDriver.Execute(String driverCommandToExecute, Dictionary`2 parameters) in c:\Projects\WebDriver\trunk\dotnet\src\WebDriver\Remote\RemoteWebDriver.cs:line 812
at TestSelenium.com.cf.webdriver.src.PageObject.HomePage.followUS(DriverContext Context, String socialMediaOption) in c:\tfs\TestAndRelease\FunctionalAutomation\TestProject1\com\cf\webdriver\src\PageObject\HomePage.cs:line 207
at TestSelenium.com.cf.webdriver.src.SanityTests.StaffPicksTest.TestFollowusGPlus() in c:\tfs\TestAndRelease\FunctionalAutomation\TestProject1\com\cf\webdriver\src\SanityTests\StaffPicksTest.cs:line 69
</td></tr><tr valign="top" class="Failure" xmlns:msxsl="urn:schemas-microsoft-com:xslt" xmlns:nunit2report="urn:my-scripts"><td width="20%"> <a title="Show/Hide message error" href="javascript:Toggle('AFAADAAAAAAAAAAAAAAAA')" class="error">TestFollowusTwitter</a></td><td width="65%" style="padding-left:3px" height="9px"><span class="uncovered" style="width:200px"></span></td><td>Failure</td><td>11.851</td></tr><tr style="display: block;" id="AFAADAAAAAAAAAAAAAAAA" xmlns:msxsl="urn:schemas-microsoft-com:xslt" xmlns:nunit2report="urn:my-scripts"><td colspan="4" class="FailureDetail">OpenQA.Selenium.InvalidElementStateException : [Exception... "Component returned failure code: 0x80004003 (NS_ERROR_INVALID_POINTER) [nsINativeMouse.click]"  nsresult: "0x80004003 (NS_ERROR_INVALID_POINTER)"  location: "JS frame :: file:///C:/Users/skhanam/AppData/Local/Temp/anonymous359675537.webdriver-profile/extensions/fxdriver@googlecode.com/components/command_processor.js :: &lt;TOP_LEVEL&gt; :: line 9457"  data: no]at OpenQA.Selenium.Remote.RemoteWebDriver.UnpackAndThrowOnError(Response errorResponse) in c:\Projects\WebDriver\trunk\dotnet\src\WebDriver\Remote\RemoteWebDriver.cs:line 970
at OpenQA.Selenium.Remote.RemoteWebDriver.Execute(String driverCommandToExecute, Dictionary`2 parameters) in c:\Projects\WebDriver\trunk\dotnet\src\WebDriver\Remote\RemoteWebDriver.cs:line 812
at TestSelenium.com.cf.webdriver.src.PageObject.HomePage.followUS(DriverContext Context, String socialMediaOption) in c:\tfs\TestAndRelease\FunctionalAutomation\TestProject1\com\cf\webdriver\src\PageObject\HomePage.cs:line 207
at TestSelenium.com.cf.webdriver.src.SanityTests.StaffPicksTest.TestFollowusTwitter() in c:\tfs\TestAndRelease\FunctionalAutomation\TestProject1\com\cf\webdriver\src\SanityTests\StaffPicksTest.cs:line 46
</td></tr></table><a href="#top">Back to top</a><a name="#AFCAAAAAAAAAAAAAAAA"></a><h3>TestSuite TravelGuideTest</h3><table border="0" cellpadding="1" cellspacing="1" width="95%"><tr class="TableHeader" valign="top" xmlns:msxsl="urn:schemas-microsoft-com:xslt" xmlns:nunit2report="urn:my-scripts"><td width="85%" colspan="2"><b>Name</b></td><td width="10%"><b>Status</b></td><td width="5%" nowrap="nowrap"><b>Time(s)</b></td></tr><tr valign="top" class="Failure" xmlns:msxsl="urn:schemas-microsoft-com:xslt" xmlns:nunit2report="urn:my-scripts"><td width="20%"> <a title="Show/Hide message error" href="javascript:Toggle('AFMACAAAAAAAAAAAAAAAA')" class="error">TestAfrica</a></td><td width="65%" style="padding-left:3px" height="9px"><span class="uncovered" style="width:200px"></span></td><td>Failure</td><td>86.625</td></tr><tr style="display: block;" id="AFMACAAAAAAAAAAAAAAAA" xmlns:msxsl="urn:schemas-microsoft-com:xslt" xmlns:nunit2report="urn:my-scripts"><td colspan="4" class="FailureDetail">OpenQA.Selenium.StaleElementReferenceException : Element not found in the cache - perhaps the page has changed since it was looked upat OpenQA.Selenium.Remote.RemoteWebDriver.UnpackAndThrowOnError(Response errorResponse) in c:\Projects\WebDriver\trunk\dotnet\src\WebDriver\Remote\RemoteWebDriver.cs:line 960
at OpenQA.Selenium.Remote.RemoteWebDriver.Execute(String driverCommandToExecute, Dictionary`2 parameters) in c:\Projects\WebDriver\trunk\dotnet\src\WebDriver\Remote\RemoteWebDriver.cs:line 812
at OpenQA.Selenium.Remote.RemoteWebElement.get_Enabled() in c:\Projects\WebDriver\trunk\dotnet\src\WebDriver\Remote\RemoteWebElement.cs:line 113
at TestSelenium.com.cf.webdriver.src.PageObject.TravelGuidePage.travelGuideContinent(String Continent, DriverContext Context, String title) in C:\TFS\TestAndRelease\FunctionalAutomation\TestProject1\com\cf\webdriver\src\PageObject\TravelGuidePage.cs:line 120
at TestSelenium.com.cf.webdriver.src.SanityTests.TravelGuideTest.TestAfrica() in C:\TFS\TestAndRelease\FunctionalAutomation\TestProject1\com\cf\webdriver\src\SanityTests\TravelGuideTest.cs:line 163
</td></tr><tr valign="top" class="Failure" xmlns:msxsl="urn:schemas-microsoft-com:xslt" xmlns:nunit2report="urn:my-scripts"><td width="20%"> <a title="Show/Hide message error" href="javascript:Toggle('AFLACAAAAAAAAAAAAAAAA')" class="error">TestAsia</a></td><td width="65%" style="padding-left:3px" height="9px"><span class="uncovered" style="width:200px"></span></td><td>Failure</td><td>56.349</td></tr><tr style="display: block;" id="AFLACAAAAAAAAAAAAAAAA" xmlns:msxsl="urn:schemas-microsoft-com:xslt" xmlns:nunit2report="urn:my-scripts"><td colspan="4" class="FailureDetail">OpenQA.Selenium.StaleElementReferenceException : Element not found in the cache - perhaps the page has changed since it was looked upat OpenQA.Selenium.Remote.RemoteWebDriver.UnpackAndThrowOnError(Response errorResponse) in c:\Projects\WebDriver\trunk\dotnet\src\WebDriver\Remote\RemoteWebDriver.cs:line 960
at OpenQA.Selenium.Remote.RemoteWebDriver.Execute(String driverCommandToExecute, Dictionary`2 parameters) in c:\Projects\WebDriver\trunk\dotnet\src\WebDriver\Remote\RemoteWebDriver.cs:line 812
at OpenQA.Selenium.Remote.RemoteWebElement.get_Enabled() in c:\Projects\WebDriver\trunk\dotnet\src\WebDriver\Remote\RemoteWebElement.cs:line 113
at TestSelenium.com.cf.webdriver.src.PageObject.TravelGuidePage.travelGuideContinent(String Continent, DriverContext Context, String title) in C:\TFS\TestAndRelease\FunctionalAutomation\TestProject1\com\cf\webdriver\src\PageObject\TravelGuidePage.cs:line 120
at TestSelenium.com.cf.webdriver.src.SanityTests.TravelGuideTest.TestAsia() in C:\TFS\TestAndRelease\FunctionalAutomation\TestProject1\com\cf\webdriver\src\SanityTests\TravelGuideTest.cs:line 186
</td></tr><tr valign="top" class="Pass" xmlns:msxsl="urn:schemas-microsoft-com:xslt" xmlns:nunit2report="urn:my-scripts"><td width="20%" class="method"> TestCityPageValidations</td><td width="65%" style="padding-left:3px" height="9px"><span class="covered" style="width:200px"></span></td><td>Pass</td><td>22.193</td></tr><tr valign="top" class="Failure" xmlns:msxsl="urn:schemas-microsoft-com:xslt" xmlns:nunit2report="urn:my-scripts"><td width="20%"> <a title="Show/Hide message error" href="javascript:Toggle('AFJACAAAAAAAAAAAAAAAA')" class="error">TestContinentNAmerica</a></td><td width="65%" style="padding-left:3px" height="9px"><span class="uncovered" style="width:200px"></span></td><td>Failure</td><td>46.345</td></tr><tr style="display: block;" id="AFJACAAAAAAAAAAAAAAAA" xmlns:msxsl="urn:schemas-microsoft-com:xslt" xmlns:nunit2report="urn:my-scripts"><td colspan="4" class="FailureDetail">OpenQA.Selenium.StaleElementReferenceException : Element not found in the cache - perhaps the page has changed since it was looked upat OpenQA.Selenium.Remote.RemoteWebDriver.UnpackAndThrowOnError(Response errorResponse) in c:\Projects\WebDriver\trunk\dotnet\src\WebDriver\Remote\RemoteWebDriver.cs:line 960
at OpenQA.Selenium.Remote.RemoteWebDriver.Execute(String driverCommandToExecute, Dictionary`2 parameters) in c:\Projects\WebDriver\trunk\dotnet\src\WebDriver\Remote\RemoteWebDriver.cs:line 812
at OpenQA.Selenium.Remote.RemoteWebElement.get_Enabled() in c:\Projects\WebDriver\trunk\dotnet\src\WebDriver\Remote\RemoteWebElement.cs:line 113
at TestSelenium.com.cf.webdriver.src.PageObject.TravelGuidePage.travelGuideContinent(String Continent, DriverContext Context, String title) in C:\TFS\TestAndRelease\FunctionalAutomation\TestProject1\com\cf\webdriver\src\PageObject\TravelGuidePage.cs:line 120
at TestSelenium.com.cf.webdriver.src.SanityTests.TravelGuideTest.TestContinentNAmerica() in C:\TFS\TestAndRelease\FunctionalAutomation\TestProject1\com\cf\webdriver\src\SanityTests\TravelGuideTest.cs:line 89
</td></tr><tr valign="top" class="Failure" xmlns:msxsl="urn:schemas-microsoft-com:xslt" xmlns:nunit2report="urn:my-scripts"><td width="20%"> <a title="Show/Hide message error" href="javascript:Toggle('AFIACAAAAAAAAAAAAAAAA')" class="error">TestContinentSAmerica</a></td><td width="65%" style="padding-left:3px" height="9px"><span class="uncovered" style="width:200px"></span></td><td>Failure</td><td>48.769</td></tr><tr style="display: block;" id="AFIACAAAAAAAAAAAAAAAA" xmlns:msxsl="urn:schemas-microsoft-com:xslt" xmlns:nunit2report="urn:my-scripts"><td colspan="4" class="FailureDetail">OpenQA.Selenium.StaleElementReferenceException : Element not found in the cache - perhaps the page has changed since it was looked upat OpenQA.Selenium.Remote.RemoteWebDriver.UnpackAndThrowOnError(Response errorResponse) in c:\Projects\WebDriver\trunk\dotnet\src\WebDriver\Remote\RemoteWebDriver.cs:line 960
at OpenQA.Selenium.Remote.RemoteWebDriver.Execute(String driverCommandToExecute, Dictionary`2 parameters) in c:\Projects\WebDriver\trunk\dotnet\src\WebDriver\Remote\RemoteWebDriver.cs:line 812
at OpenQA.Selenium.Remote.RemoteWebElement.get_Enabled() in c:\Projects\WebDriver\trunk\dotnet\src\WebDriver\Remote\RemoteWebElement.cs:line 113
at TestSelenium.com.cf.webdriver.src.PageObject.TravelGuidePage.travelGuideContinent(String Continent, DriverContext Context, String title) in C:\TFS\TestAndRelease\FunctionalAutomation\TestProject1\com\cf\webdriver\src\PageObject\TravelGuidePage.cs:line 120
at TestSelenium.com.cf.webdriver.src.SanityTests.TravelGuideTest.TestContinentSAmerica() in C:\TFS\TestAndRelease\FunctionalAutomation\TestProject1\com\cf\webdriver\src\SanityTests\TravelGuideTest.cs:line 115
</td></tr><tr valign="top" class="Pass" xmlns:msxsl="urn:schemas-microsoft-com:xslt" xmlns:nunit2report="urn:my-scripts"><td width="20%" class="method"> TestEurope</td><td width="65%" style="padding-left:3px" height="9px"><span class="covered" style="width:200px"></span></td><td>Pass</td><td>22.652</td></tr><tr valign="top" class="Pass" xmlns:msxsl="urn:schemas-microsoft-com:xslt" xmlns:nunit2report="urn:my-scripts"><td width="20%" class="method"> TestLandTravelGuide</td><td width="65%" style="padding-left:3px" height="9px"><span class="covered" style="width:200px"></span></td><td>Pass</td><td>12.208</td></tr><tr valign="top" class="Failure" xmlns:msxsl="urn:schemas-microsoft-com:xslt" xmlns:nunit2report="urn:my-scripts"><td width="20%"> <a title="Show/Hide message error" href="javascript:Toggle('AFFACAAAAAAAAAAAAAAAA')" class="error">TestMiniBookingEngine</a></td><td width="65%" style="padding-left:3px" height="9px"><span class="uncovered" style="width:200px"></span></td><td>Failure</td><td>4.558</td></tr><tr style="display: block;" id="AFFACAAAAAAAAAAAAAAAA" xmlns:msxsl="urn:schemas-microsoft-com:xslt" xmlns:nunit2report="urn:my-scripts"><td colspan="4" class="FailureDetail">OpenQA.Selenium.NoSuchElementException : Unable to locate element: {"method":"xpath","selector":".//*[@id='textBoxOrigin']"}at OpenQA.Selenium.Remote.RemoteWebDriver.UnpackAndThrowOnError(Response errorResponse) in c:\Projects\WebDriver\trunk\dotnet\src\WebDriver\Remote\RemoteWebDriver.cs:line 951
at OpenQA.Selenium.Remote.RemoteWebDriver.Execute(String driverCommandToExecute, Dictionary`2 parameters) in c:\Projects\WebDriver\trunk\dotnet\src\WebDriver\Remote\RemoteWebDriver.cs:line 812
at OpenQA.Selenium.Remote.RemoteWebDriver.FindElement(String mechanism, String value) in c:\Projects\WebDriver\trunk\dotnet\src\WebDriver\Remote\RemoteWebDriver.cs:line 841
at OpenQA.Selenium.By.FindElement(ISearchContext context) in c:\Projects\WebDriver\trunk\dotnet\src\WebDriver\By.cs:line 272
at TestSelenium.com.cf.webdriver.src.PageObject.TravelGuidePage.miniBookingEngine(DriverContext Context) in C:\TFS\TestAndRelease\FunctionalAutomation\TestProject1\com\cf\webdriver\src\PageObject\TravelGuidePage.cs:line 65
at TestSelenium.com.cf.webdriver.src.SanityTests.TravelGuideTest.TestMiniBookingEngine() in C:\TFS\TestAndRelease\FunctionalAutomation\TestProject1\com\cf\webdriver\src\SanityTests\TravelGuideTest.cs:line 68
</td></tr><tr valign="top" class="Failure" xmlns:msxsl="urn:schemas-microsoft-com:xslt" xmlns:nunit2report="urn:my-scripts"><td width="20%"> <a title="Show/Hide message error" href="javascript:Toggle('AFEACAAAAAAAAAAAAAAAA')" class="error">TestOceania</a></td><td width="65%" style="padding-left:3px" height="9px"><span class="uncovered" style="width:200px"></span></td><td>Failure</td><td>19.460</td></tr><tr style="display: block;" id="AFEACAAAAAAAAAAAAAAAA" xmlns:msxsl="urn:schemas-microsoft-com:xslt" xmlns:nunit2report="urn:my-scripts"><td colspan="4" class="FailureDetail">System.InvalidOperationException : Could not take screenshot of current page - TypeError: c is nullat OpenQA.Selenium.Remote.RemoteWebDriver.UnpackAndThrowOnError(Response errorResponse) in c:\Projects\WebDriver\trunk\dotnet\src\WebDriver\Remote\RemoteWebDriver.cs:line 973
at OpenQA.Selenium.Remote.RemoteWebDriver.Execute(String driverCommandToExecute, Dictionary`2 parameters) in c:\Projects\WebDriver\trunk\dotnet\src\WebDriver\Remote\RemoteWebDriver.cs:line 812
at OpenQA.Selenium.Firefox.FirefoxDriver.GetScreenshot() in c:\Projects\WebDriver\trunk\dotnet\src\WebDriver\Firefox\FirefoxDriver.cs:line 193
at TestSelenium.com.cf.webdriver.src.Common.Utility.TakeScreenShot(DriverContext Context, String filename) in C:\TFS\TestAndRelease\FunctionalAutomation\TestProject1\com\cf\webdriver\src\Common\Utility.cs:line 299
at TestSelenium.com.cf.webdriver.src.PageObject.TravelGuidePage.travelGuideContinent(String Continent, DriverContext Context, String title) in C:\TFS\TestAndRelease\FunctionalAutomation\TestProject1\com\cf\webdriver\src\PageObject\TravelGuidePage.cs:line 105
at TestSelenium.com.cf.webdriver.src.SanityTests.TravelGuideTest.TestOceania() in C:\TFS\TestAndRelease\FunctionalAutomation\TestProject1\com\cf\webdriver\src\SanityTests\TravelGuideTest.cs:line 208
</td></tr><tr valign="top" class="Pass" xmlns:msxsl="urn:schemas-microsoft-com:xslt" xmlns:nunit2report="urn:my-scripts"><td width="20%" class="method"> TestPoplarLinks</td><td width="65%" style="padding-left:3px" height="9px"><span class="covered" style="width:200px"></span></td><td>Pass</td><td>117.901</td></tr><tr valign="top" class="Pass" xmlns:msxsl="urn:schemas-microsoft-com:xslt" xmlns:nunit2report="urn:my-scripts"><td width="20%" class="method"> TestTGSearchBox</td><td width="65%" style="padding-left:3px" height="9px"><span class="covered" style="width:200px"></span></td><td>Pass</td><td>21.127</td></tr><tr valign="top" class="Failure" xmlns:msxsl="urn:schemas-microsoft-com:xslt" xmlns:nunit2report="urn:my-scripts"><td width="20%"> <a title="Show/Hide message error" href="javascript:Toggle('AFBACAAAAAAAAAAAAAAAA')" class="error">TestTGTravelTips</a></td><td width="65%" style="padding-left:3px" height="9px"><span class="uncovered" style="width:200px"></span></td><td>Failure</td><td>17.388</td></tr><tr style="display: block;" id="AFBACAAAAAAAAAAAAAAAA" xmlns:msxsl="urn:schemas-microsoft-com:xslt" xmlns:nunit2report="urn:my-scripts"><td colspan="4" class="FailureDetail">OpenQA.Selenium.NoSuchElementException : Unable to locate element: {"method":"xpath","selector":".//*[@id='ctl00_cp1_travelTips']/div/dl/dd[3]/a"}at OpenQA.Selenium.Remote.RemoteWebDriver.UnpackAndThrowOnError(Response errorResponse) in c:\Projects\WebDriver\trunk\dotnet\src\WebDriver\Remote\RemoteWebDriver.cs:line 951
at OpenQA.Selenium.Remote.RemoteWebDriver.Execute(String driverCommandToExecute, Dictionary`2 parameters) in c:\Projects\WebDriver\trunk\dotnet\src\WebDriver\Remote\RemoteWebDriver.cs:line 812
at OpenQA.Selenium.Remote.RemoteWebDriver.FindElement(String mechanism, String value) in c:\Projects\WebDriver\trunk\dotnet\src\WebDriver\Remote\RemoteWebDriver.cs:line 841
at OpenQA.Selenium.By.FindElement(ISearchContext context) in c:\Projects\WebDriver\trunk\dotnet\src\WebDriver\By.cs:line 272
at TestSelenium.com.cf.webdriver.src.PageObject.TravelGuidePage.travelTip(DriverContext Context) in C:\TFS\TestAndRelease\FunctionalAutomation\TestProject1\com\cf\webdriver\src\PageObject\TravelGuidePage.cs:line 168
at TestSelenium.com.cf.webdriver.src.SanityTests.TravelGuideTest.TestTGTravelTips() in C:\TFS\TestAndRelease\FunctionalAutomation\TestProject1\com\cf\webdriver\src\SanityTests\TravelGuideTest.cs:line 233
</td></tr><tr valign="top" class="Pass" xmlns:msxsl="urn:schemas-microsoft-com:xslt" xmlns:nunit2report="urn:my-scripts"><td width="20%" class="method"> TestTGUsefulLinks</td><td width="65%" style="padding-left:3px" height="9px"><span class="covered" style="width:200px"></span></td><td>Pass</td><td>86.827</td></tr></table><a href="#top">Back to top</a><a name="#AFBAAAAAAAAAAAAAAAA"></a><h3>TestSuite TravelKnowHowTest</h3><table border="0" cellpadding="1" cellspacing="1" width="95%"><tr class="TableHeader" valign="top" xmlns:msxsl="urn:schemas-microsoft-com:xslt" xmlns:nunit2report="urn:my-scripts"><td width="85%" colspan="2"><b>Name</b></td><td width="10%"><b>Status</b></td><td width="5%" nowrap="nowrap"><b>Time(s)</b></td></tr><tr valign="top" class="Pass" xmlns:msxsl="urn:schemas-microsoft-com:xslt" xmlns:nunit2report="urn:my-scripts"><td width="20%" class="method"> TestArticleDisplay</td><td width="65%" style="padding-left:3px" height="9px"><span class="covered" style="width:200px"></span></td><td>Pass</td><td>19.331</td></tr><tr valign="top" class="Pass" xmlns:msxsl="urn:schemas-microsoft-com:xslt" xmlns:nunit2report="urn:my-scripts"><td width="20%" class="method"> TestCityExists</td><td width="65%" style="padding-left:3px" height="9px"><span class="covered" style="width:200px"></span></td><td>Pass</td><td>45.197</td></tr><tr valign="top" class="Pass" xmlns:msxsl="urn:schemas-microsoft-com:xslt" xmlns:nunit2report="urn:my-scripts"><td width="20%" class="method"> TestContinentContents</td><td width="65%" style="padding-left:3px" height="9px"><span class="covered" style="width:200px"></span></td><td>Pass</td><td>25.602</td></tr><tr valign="top" class="Pass" xmlns:msxsl="urn:schemas-microsoft-com:xslt" xmlns:nunit2report="urn:my-scripts"><td width="20%" class="method"> TestCountryExists</td><td width="65%" style="padding-left:3px" height="9px"><span class="covered" style="width:200px"></span></td><td>Pass</td><td>32.311</td></tr><tr valign="top" class="Pass" xmlns:msxsl="urn:schemas-microsoft-com:xslt" xmlns:nunit2report="urn:my-scripts"><td width="20%" class="method"> TestEurope</td><td width="65%" style="padding-left:3px" height="9px"><span class="covered" style="width:200px"></span></td><td>Pass</td><td>22.557</td></tr><tr valign="top" class="Failure" xmlns:msxsl="urn:schemas-microsoft-com:xslt" xmlns:nunit2report="urn:my-scripts"><td width="20%"> <a title="Show/Hide message error" href="javascript:Toggle('AFGABAAAAAAAAAAAAAAAA')" class="error">TestFollowusFacebook</a></td><td width="65%" style="padding-left:3px" height="9px"><span class="uncovered" style="width:200px"></span></td><td>Failure</td><td>6.980</td></tr><tr style="display: block;" id="AFGABAAAAAAAAAAAAAAAA" xmlns:msxsl="urn:schemas-microsoft-com:xslt" xmlns:nunit2report="urn:my-scripts"><td colspan="4" class="FailureDetail">OpenQA.Selenium.InvalidElementStateException : [Exception... "Component returned failure code: 0x80004003 (NS_ERROR_INVALID_POINTER) [nsINativeMouse.click]"  nsresult: "0x80004003 (NS_ERROR_INVALID_POINTER)"  location: "JS frame :: file:///C:/Users/skhanam/AppData/Local/Temp/anonymous2083990382.webdriver-profile/extensions/fxdriver@googlecode.com/components/command_processor.js :: &lt;TOP_LEVEL&gt; :: line 9457"  data: no]at OpenQA.Selenium.Remote.RemoteWebDriver.UnpackAndThrowOnError(Response errorResponse) in c:\Projects\WebDriver\trunk\dotnet\src\WebDriver\Remote\RemoteWebDriver.cs:line 970
at OpenQA.Selenium.Remote.RemoteWebDriver.Execute(String driverCommandToExecute, Dictionary`2 parameters) in c:\Projects\WebDriver\trunk\dotnet\src\WebDriver\Remote\RemoteWebDriver.cs:line 812
at TestSelenium.com.cf.webdriver.src.PageObject.HomePage.followUS(DriverContext Context, String socialMediaOption) in c:\tfs\TestAndRelease\FunctionalAutomation\TestProject1\com\cf\webdriver\src\PageObject\HomePage.cs:line 207
at TestSelenium.com.cf.webdriver.src.SanityTests.TravelKnowHowTest.TestFollowusFacebook() in C:\TFS\TestAndRelease\FunctionalAutomation\TestProject1\com\cf\webdriver\src\SanityTests\TravelKnowHowTest.cs:line 23
</td></tr><tr valign="top" class="Failure" xmlns:msxsl="urn:schemas-microsoft-com:xslt" xmlns:nunit2report="urn:my-scripts"><td width="20%"> <a title="Show/Hide message error" href="javascript:Toggle('AFFABAAAAAAAAAAAAAAAA')" class="error">TestFollowusGPlus</a></td><td width="65%" style="padding-left:3px" height="9px"><span class="uncovered" style="width:200px"></span></td><td>Failure</td><td>11.829</td></tr><tr style="display: block;" id="AFFABAAAAAAAAAAAAAAAA" xmlns:msxsl="urn:schemas-microsoft-com:xslt" xmlns:nunit2report="urn:my-scripts"><td colspan="4" class="FailureDetail">OpenQA.Selenium.InvalidElementStateException : [Exception... "Component returned failure code: 0x80004003 (NS_ERROR_INVALID_POINTER) [nsINativeMouse.click]"  nsresult: "0x80004003 (NS_ERROR_INVALID_POINTER)"  location: "JS frame :: file:///C:/Users/skhanam/AppData/Local/Temp/anonymous2061043554.webdriver-profile/extensions/fxdriver@googlecode.com/components/command_processor.js :: &lt;TOP_LEVEL&gt; :: line 9457"  data: no]at OpenQA.Selenium.Remote.RemoteWebDriver.UnpackAndThrowOnError(Response errorResponse) in c:\Projects\WebDriver\trunk\dotnet\src\WebDriver\Remote\RemoteWebDriver.cs:line 970
at OpenQA.Selenium.Remote.RemoteWebDriver.Execute(String driverCommandToExecute, Dictionary`2 parameters) in c:\Projects\WebDriver\trunk\dotnet\src\WebDriver\Remote\RemoteWebDriver.cs:line 812
at TestSelenium.com.cf.webdriver.src.PageObject.HomePage.followUS(DriverContext Context, String socialMediaOption) in c:\tfs\TestAndRelease\FunctionalAutomation\TestProject1\com\cf\webdriver\src\PageObject\HomePage.cs:line 207
at TestSelenium.com.cf.webdriver.src.SanityTests.TravelKnowHowTest.TestFollowusGPlus() in C:\TFS\TestAndRelease\FunctionalAutomation\TestProject1\com\cf\webdriver\src\SanityTests\TravelKnowHowTest.cs:line 64
</td></tr><tr valign="top" class="Pass" xmlns:msxsl="urn:schemas-microsoft-com:xslt" xmlns:nunit2report="urn:my-scripts"><td width="20%" class="method"> TestFollowusTwitter</td><td width="65%" style="padding-left:3px" height="9px"><span class="covered" style="width:200px"></span></td><td>Pass</td><td>18.634</td></tr><tr valign="top" class="Pass" xmlns:msxsl="urn:schemas-microsoft-com:xslt" xmlns:nunit2report="urn:my-scripts"><td width="20%" class="method"> TestGetAllTitles</td><td width="65%" style="padding-left:3px" height="9px"><span class="covered" style="width:200px"></span></td><td>Pass</td><td>96.032</td></tr><tr valign="top" class="Failure" xmlns:msxsl="urn:schemas-microsoft-com:xslt" xmlns:nunit2report="urn:my-scripts"><td width="20%"> <a title="Show/Hide message error" href="javascript:Toggle('AFCABAAAAAAAAAAAAAAAA')" class="error">TestListArticles</a></td><td width="65%" style="padding-left:3px" height="9px"><span class="uncovered" style="width:200px"></span></td><td>Failure</td><td>22.055</td></tr><tr style="display: block;" id="AFCABAAAAAAAAAAAAAAAA" xmlns:msxsl="urn:schemas-microsoft-com:xslt" xmlns:nunit2report="urn:my-scripts"><td colspan="4" class="FailureDetail">OpenQA.Selenium.NoSuchElementException : Unable to locate element: {"method":"xpath","selector":".//*[@id='showcase']/div[1]/ul/li"}at OpenQA.Selenium.Remote.RemoteWebDriver.UnpackAndThrowOnError(Response errorResponse) in c:\Projects\WebDriver\trunk\dotnet\src\WebDriver\Remote\RemoteWebDriver.cs:line 951
at OpenQA.Selenium.Remote.RemoteWebDriver.Execute(String driverCommandToExecute, Dictionary`2 parameters) in c:\Projects\WebDriver\trunk\dotnet\src\WebDriver\Remote\RemoteWebDriver.cs:line 812
at OpenQA.Selenium.Remote.RemoteWebDriver.FindElement(String mechanism, String value) in c:\Projects\WebDriver\trunk\dotnet\src\WebDriver\Remote\RemoteWebDriver.cs:line 841
at OpenQA.Selenium.By.FindElement(ISearchContext context) in c:\Projects\WebDriver\trunk\dotnet\src\WebDriver\By.cs:line 272
at TestSelenium.com.cf.webdriver.src.PageObject.TravelKnowHowPage.clickTitles(DriverContext Context) in C:\TFS\TestAndRelease\FunctionalAutomation\TestProject1\com\cf\webdriver\src\PageObject\TravelKnowHowPage.cs:line 66
at TestSelenium.com.cf.webdriver.src.SanityTests.TravelKnowHowTest.TestListArticles() in C:\TFS\TestAndRelease\FunctionalAutomation\TestProject1\com\cf\webdriver\src\SanityTests\TravelKnowHowTest.cs:line 102
</td></tr><tr valign="top" class="Pass" xmlns:msxsl="urn:schemas-microsoft-com:xslt" xmlns:nunit2report="urn:my-scripts"><td width="20%" class="method"> TestModulesUseFulLinks</td><td width="65%" style="padding-left:3px" height="9px"><span class="covered" style="width:200px"></span></td><td>Pass</td><td>35.532</td></tr><tr valign="top" class="Pass" xmlns:msxsl="urn:schemas-microsoft-com:xslt" xmlns:nunit2report="urn:my-scripts"><td width="20%" class="method"> TestUseFulLink</td><td width="65%" style="padding-left:3px" height="9px"><span class="covered" style="width:200px"></span></td><td>Pass</td><td>19.432</td></tr></table><a href="#top">Back to top</a><hr size="1" width="95%" align="left"></hr><a name="envinfo" xmlns:msxsl="urn:schemas-microsoft-com:xslt" xmlns:nunit2report="urn:my-scripts"></a><h2 xmlns:msxsl="urn:schemas-microsoft-com:xslt" xmlns:nunit2report="urn:my-scripts">Environment Information</h2><table border="0" cellpadding="5" cellspacing="2" width="95%" xmlns:msxsl="urn:schemas-microsoft-com:xslt" xmlns:nunit2report="urn:my-scripts"><tr class="TableHeader"><td>Property</td><td>Value</td></tr><tr><td>NAnt Location</td><td>file:///C:/Nunit/nant-0.91-nightly-2011-05-08/bin/NAnt.Core.DLL</td></tr><tr><td>NAnt Version</td><td>0.91.4145.0</td></tr><tr><td>Buildfile</td><td>file:///C:/TFS/TestAndRelease/FunctionalAutomation/TestWebDriver/test.build</td></tr><tr><td>Base Directory</td><td>C:\TFS\TestAndRelease\FunctionalAutomation\TestWebDriver</td></tr><tr><td>Operating System</td><td></td></tr><tr><td>.NET CLR Version</td><td></td></tr></table><a href="#top" xmlns:msxsl="urn:schemas-microsoft-com:xslt" xmlns:nunit2report="urn:my-scripts">Back to top</a></body></HTML>