<html xmlns:msxsl="urn:schemas-microsoft-com:xslt" xmlns:nunit2report="urn:my-scripts"><head><title>Unit Test for class SearchByDateTest</title><link rel="stylesheet" type="text/css" title="Style" href="../../../../../../../stylesheet.css"></link><script language="JavaScript">
	  function Toggle(id) {
	  var element = document.getElementById(id);

		 if ( element.style.display == "none" )
			element.style.display = "block";
		 else 
			element.style.display = "none";
	  }

	  function ToggleImage(id) {
	  var element = document.getElementById(id);

		 if ( element.innerText   == "-" )
			element.innerText   = "+";
		 else 
			element.innerText = "-";
	  }
	</script></head><body><h1><span>Résultats des Test Unitaires</span> -  NUnitReport</h1><table width="100%"><tr><td align="left"><span>Généré par</span> <a target="_blank" href="http://sourceforge.net/projects/nunit2report/">NUnit2Report</a> : 2012-06-22 - 10:42:17  <a href="#" onclick="javascript:Toggle('blabla')">Informations environnement</a></td><td align="right"><span>A utiliser avec</span> <a href="http://nunit.sourceforge.net/">NUnit</a> <span>et</span> <a href="http://nant.sourceforge.net/">NAnt</a>.
		</td></tr></table><hr size="1"></hr><div style="display: none;" id="blabla"><a name="envinfo"></a><h2>Informations environnement</h2><table border="0" cellpadding="5" cellspacing="2" width="95%"><tr class="EnvInfoHeader"><td>Propriété</td><td>Valeur</td></tr><tr class="EnvInfoRow"><td>Répertoire Nant</td><td>file:///C:/Nunit/nant-0.91-nightly-2011-05-08/bin/NAnt.Core.DLL</td></tr><tr class="EnvInfoRow"><td>Nant Version</td><td>0.91.4145.0</td></tr><tr class="EnvInfoRow"><td>Fichier de construction</td><td>file:///C:/TFS/TestAndRelease/FunctionalAutomation/TestWebDriver/test.build</td></tr><tr class="EnvInfoRow"><td>Répertoire de base</td><td>C:\TFS\TestAndRelease\FunctionalAutomation\TestWebDriver</td></tr><tr class="EnvInfoRow"><td>Système d'exploitation</td><td></td></tr><tr class="EnvInfoRow"><td>Version .NET CLR</td><td></td></tr></table><hr size="1" width="95%" align="left"></hr></div><h3>Test Suite</h3><table border="0" cellpadding="2" cellspacing="0" width="95%"><tr class="TableHeader" valign="top"><td width="75%" colspan="3"><b>Nom</b></td><td width="5%"><b>Tests</b></td><td width="5%"><b>Erreurs</b></td><td width="5%"><b>Echecs</b></td><td width="10%" nowrap="nowrap"><b>Durée (s)</b></td></tr><tr valign="top" class="Failure"><td>SearchByDateTest</td><td width="15%" align="right"><b>69.23 %</b></td><td width="40%" height="9px"><span class="covered" style="width:138px"></span><span class="uncovered" style="width:62px"></span></td><td>9</td><td>0</td><td>4</td><td>291.014</td></tr></table><br></br><h3>Test Case</h3><table border="0" cellpadding="1" cellspacing="1" width="95%"><tr class="TableHeader" valign="top"><td width="85%" colspan="2"><b>Nom</b></td><td width="10%"><b>Status</b></td><td width="5%" nowrap="nowrap"><b>Durée (s)</b></td></tr><tr valign="top" class="Pass"><td width="20%" class="method">TestAdultNumberCount</td><td width="65%" style="padding-left:3px" height="9px"><span class="covered" style="width:200px"></span></td><td>Passé</td><td>10.113</td></tr><tr valign="top" class="Pass"><td width="20%" class="method">TestBEHeader</td><td width="65%" style="padding-left:3px" height="9px"><span class="covered" style="width:200px"></span></td><td>Passé</td><td>14.090</td></tr><tr valign="top" class="Pass"><td width="20%" class="method">TestBookingEngine</td><td width="65%" style="padding-left:3px" height="9px"><span class="covered" style="width:200px"></span></td><td>Passé</td><td>72.208</td></tr><tr valign="top" class="Pass"><td width="20%" class="method">TestChildrenNumberCount</td><td width="65%" style="padding-left:3px" height="9px"><span class="covered" style="width:200px"></span></td><td>Passé</td><td>10.250</td></tr><tr valign="top" class="Failure"><td width="20%"><a style="text-decoration:none" href="javascript:Toggle('AFIAEAAAAAAAAAAAAAAAA')" class="Failure">TestClickonPartner</a></td><td width="65%" style="padding-left:3px" height="9px"><span class="uncovered" style="width:200px"></span></td><td>Echec</td><td>38.572</td></tr><tr style="display: block;" id="AFIAEAAAAAAAAAAAAAAAA"><td colspan="3" class="FailureDetail">OpenQA.Selenium.WebDriverException : No response from server for url http://localhost:7072/hub/session/472891e4-b18b-4c56-b9f8-da879b231edd/sourceat OpenQA.Selenium.Remote.HttpCommandExecutor.CreateResponse(WebRequest request) in c:\Projects\WebDriver\trunk\dotnet\src\WebDriver\Remote\HttpCommandExecutor.cs:line 115
at OpenQA.Selenium.Remote.RemoteWebDriver.Execute(String driverCommandToExecute, Dictionary`2 parameters) in c:\Projects\WebDriver\trunk\dotnet\src\WebDriver\Remote\RemoteWebDriver.cs:line 799
at OpenQA.Selenium.Remote.RemoteWebDriver.get_PageSource() in c:\Projects\WebDriver\trunk\dotnet\src\WebDriver\Remote\RemoteWebDriver.cs:line 190
at TestSelenium.com.cf.webdriver.src.Common.Utility.IsTextPresent(String verifystring, DriverContext context) in C:\TFS\TestAndRelease\FunctionalAutomation\TestProject1\com\cf\webdriver\src\Common\Utility.cs:line 203
at TestSelenium.com.cf.webdriver.src.PageObject.SearchByDatePage.clickonPartner(DriverContext Context) in c:\tfs\TestAndRelease\FunctionalAutomation\TestProject1\com\cf\webdriver\src\PageObject\SearchByDatePage.cs:line 464
at TestSelenium.com.cf.webdriver.src.SanityTests.SearchByDateTest.TestClickonPartner() in c:\tfs\TestAndRelease\FunctionalAutomation\TestProject1\com\cf\webdriver\src\SanityTests\SearchByDateTest.cs:line 189
</td></tr><tr valign="top" class="Failure"><td width="20%"><a style="text-decoration:none" href="javascript:Toggle('AFHAEAAAAAAAAAAAAAAAA')" class="Failure">TestDealsBelowBookingEngine</a></td><td width="65%" style="padding-left:3px" height="9px"><span class="uncovered" style="width:200px"></span></td><td>Echec</td><td>4.014</td></tr><tr style="display: block;" id="AFHAEAAAAAAAAAAAAAAAA"><td colspan="3" class="FailureDetail">OpenQA.Selenium.WebDriverException : Unexpected error. System.Net.WebException: Unable to connect to the remote server ---&gt; System.Net.Sockets.SocketException: No connection could be made because the target machine actively refused it 127.0.0.1:7069
   at System.Net.Sockets.Socket.DoConnect(EndPoint endPointSnapshot, SocketAddress socketAddress)
   at System.Net.ServicePoint.ConnectSocketInternal(Boolean connectFailure, Socket s4, Socket s6, Socket&amp; socket, IPAddress&amp; address, ConnectSocketState state, IAsyncResult asyncResult, Int32 timeout, Exception&amp; exception)
   --- End of inner exception stack trace ---
   at System.Net.HttpWebRequest.GetRequestStream(TransportContext&amp; context)
   at System.Net.HttpWebRequest.GetRequestStream()
   at OpenQA.Selenium.Remote.HttpCommandExecutor.Execute(Command commandToExecute) in c:\Projects\WebDriver\trunk\dotnet\src\WebDriver\Remote\HttpCommandExecutor.cs:line 91
   at OpenQA.Selenium.Remote.RemoteWebDriver.Execute(String driverCommandToExecute, Dictionary`2 parameters) in c:\Projects\WebDriver\trunk\dotnet\src\WebDriver\Remote\RemoteWebDriver.cs:line 799at OpenQA.Selenium.Remote.RemoteWebDriver.UnpackAndThrowOnError(Response errorResponse) in c:\Projects\WebDriver\trunk\dotnet\src\WebDriver\Remote\RemoteWebDriver.cs:line 954
at OpenQA.Selenium.Remote.RemoteWebDriver.Execute(String driverCommandToExecute, Dictionary`2 parameters) in c:\Projects\WebDriver\trunk\dotnet\src\WebDriver\Remote\RemoteWebDriver.cs:line 812
at OpenQA.Selenium.Remote.RemoteWebDriver.StartSession(ICapabilities desiredCapabilities) in c:\Projects\WebDriver\trunk\dotnet\src\WebDriver\Remote\RemoteWebDriver.cs:line 777
at OpenQA.Selenium.Firefox.FirefoxDriver..ctor(FirefoxBinary binary, FirefoxProfile profile, TimeSpan commandTimeout) in c:\Projects\WebDriver\trunk\dotnet\src\WebDriver\Firefox\FirefoxDriver.cs:line 162
at TestSelenium.com.cf.webdriver.src.Common.DriverContext.Create(String testCaseName, Dictionary`2 lookup) in C:\TFS\TestAndRelease\FunctionalAutomation\TestProject1\com\cf\webdriver\src\Common\DriverContext.cs:line 52
at TestSelenium.com.cf.webdriver.src.SanityTests.SearchByDateTest.TestDealsBelowBookingEngine() in c:\tfs\TestAndRelease\FunctionalAutomation\TestProject1\com\cf\webdriver\src\SanityTests\SearchByDateTest.cs:line 211
</td></tr><tr valign="top" class="Pass"><td width="20%" class="method">TestDynamicSearch</td><td width="65%" style="padding-left:3px" height="9px"><span class="covered" style="width:200px"></span></td><td>Passé</td><td>21.703</td></tr><tr valign="top" class="Pass"><td width="20%" class="method">TestFollowusFacebook</td><td width="65%" style="padding-left:3px" height="9px"><span class="covered" style="width:200px"></span></td><td>Passé</td><td>14.303</td></tr><tr valign="top" class="Failure"><td width="20%"><a style="text-decoration:none" href="javascript:Toggle('AFEAEAAAAAAAAAAAAAAAA')" class="Failure">TestFollowusGPlus</a></td><td width="65%" style="padding-left:3px" height="9px"><span class="uncovered" style="width:200px"></span></td><td>Echec</td><td>5.983</td></tr><tr style="display: block;" id="AFEAEAAAAAAAAAAAAAAAA"><td colspan="3" class="FailureDetail">OpenQA.Selenium.InvalidElementStateException : [Exception... "Component returned failure code: 0x80004003 (NS_ERROR_INVALID_POINTER) [nsINativeMouse.click]"  nsresult: "0x80004003 (NS_ERROR_INVALID_POINTER)"  location: "JS frame :: file:///C:/Users/skhanam/AppData/Local/Temp/anonymous1637099451.webdriver-profile/extensions/fxdriver@googlecode.com/components/command_processor.js :: &lt;TOP_LEVEL&gt; :: line 9457"  data: no]at OpenQA.Selenium.Remote.RemoteWebDriver.UnpackAndThrowOnError(Response errorResponse) in c:\Projects\WebDriver\trunk\dotnet\src\WebDriver\Remote\RemoteWebDriver.cs:line 970
at OpenQA.Selenium.Remote.RemoteWebDriver.Execute(String driverCommandToExecute, Dictionary`2 parameters) in c:\Projects\WebDriver\trunk\dotnet\src\WebDriver\Remote\RemoteWebDriver.cs:line 812
at TestSelenium.com.cf.webdriver.src.PageObject.HomePage.followUS(DriverContext Context, String socialMediaOption) in c:\tfs\TestAndRelease\FunctionalAutomation\TestProject1\com\cf\webdriver\src\PageObject\HomePage.cs:line 207
at TestSelenium.com.cf.webdriver.src.SanityTests.SearchByDateTest.TestFollowusGPlus() in c:\tfs\TestAndRelease\FunctionalAutomation\TestProject1\com\cf\webdriver\src\SanityTests\SearchByDateTest.cs:line 90
</td></tr><tr valign="top" class="Failure"><td width="20%"><a style="text-decoration:none" href="javascript:Toggle('AFDAEAAAAAAAAAAAAAAAA')" class="Failure">TestFollowusTwitter</a></td><td width="65%" style="padding-left:3px" height="9px"><span class="uncovered" style="width:200px"></span></td><td>Echec</td><td>9.918</td></tr><tr style="display: block;" id="AFDAEAAAAAAAAAAAAAAAA"><td colspan="3" class="FailureDetail">OpenQA.Selenium.InvalidElementStateException : [Exception... "Component returned failure code: 0x80004003 (NS_ERROR_INVALID_POINTER) [nsINativeMouse.click]"  nsresult: "0x80004003 (NS_ERROR_INVALID_POINTER)"  location: "JS frame :: file:///C:/Users/skhanam/AppData/Local/Temp/anonymous2100451077.webdriver-profile/extensions/fxdriver@googlecode.com/components/command_processor.js :: &lt;TOP_LEVEL&gt; :: line 9457"  data: no]at OpenQA.Selenium.Remote.RemoteWebDriver.UnpackAndThrowOnError(Response errorResponse) in c:\Projects\WebDriver\trunk\dotnet\src\WebDriver\Remote\RemoteWebDriver.cs:line 970
at OpenQA.Selenium.Remote.RemoteWebDriver.Execute(String driverCommandToExecute, Dictionary`2 parameters) in c:\Projects\WebDriver\trunk\dotnet\src\WebDriver\Remote\RemoteWebDriver.cs:line 812
at TestSelenium.com.cf.webdriver.src.PageObject.HomePage.followUS(DriverContext Context, String socialMediaOption) in c:\tfs\TestAndRelease\FunctionalAutomation\TestProject1\com\cf\webdriver\src\PageObject\HomePage.cs:line 207
at TestSelenium.com.cf.webdriver.src.SanityTests.SearchByDateTest.TestFollowusTwitter() in c:\tfs\TestAndRelease\FunctionalAutomation\TestProject1\com\cf\webdriver\src\SanityTests\SearchByDateTest.cs:line 71
</td></tr><tr valign="top" class="Pass"><td width="20%" class="method">TestInfantNumberCount</td><td width="65%" style="padding-left:3px" height="9px"><span class="covered" style="width:200px"></span></td><td>Passé</td><td>12.673</td></tr><tr valign="top" class="Pass"><td width="20%" class="method">TestProductTypeDisplayed</td><td width="65%" style="padding-left:3px" height="9px"><span class="covered" style="width:200px"></span></td><td>Passé</td><td>37.375</td></tr><tr valign="top" class="Pass"><td width="20%" class="method">TestReturnTime</td><td width="65%" style="padding-left:3px" height="9px"><span class="covered" style="width:200px"></span></td><td>Passé</td><td>39.740</td></tr></table></body></html>